{"/home/travis/build/npmtest/node-npmtest-twitter-text/test.js":{"path":"/home/travis/build/npmtest/node-npmtest-twitter-text/test.js","s":{"1":2,"2":2,"3":2,"4":2,"5":2,"6":2,"7":2,"8":1,"9":2,"10":2,"11":1,"12":1,"13":1,"14":1,"15":2,"16":2,"17":2,"18":2,"19":1,"20":1,"21":2,"22":2,"23":2,"24":1,"25":1,"26":1,"27":1,"28":1,"29":1,"30":1,"31":1,"32":1,"33":1,"34":1,"35":1,"36":1,"37":1,"38":1,"39":2,"40":2,"41":1,"42":2,"43":2,"44":1,"45":2,"46":2,"47":1,"48":2,"49":2,"50":1,"51":1,"52":1,"53":1,"54":1},"b":{"1":[2,1,1,1],"2":[1,1,1,1],"3":[1,1],"4":[1,1],"5":[1,1],"6":[1,1],"7":[1,1],"8":[1,1],"9":[1,1],"10":[1,1,1],"11":[1,1],"12":[1,1],"13":[1,1],"14":[1,1],"15":[1,1],"16":[1,1],"17":[1,1]},"f":{"1":2,"2":2,"3":2,"4":2,"5":2,"6":1,"7":1,"8":1,"9":2,"10":2,"11":2,"12":2,"13":1},"fnMap":{"1":{"name":"(anonymous_1)","line":12,"loc":{"start":{"line":12,"column":1},"end":{"line":12,"column":13}}},"2":{"name":"(anonymous_2)","line":19,"loc":{"start":{"line":19,"column":5},"end":{"line":19,"column":17}}},"3":{"name":"(anonymous_3)","line":23,"loc":{"start":{"line":23,"column":24},"end":{"line":23,"column":36}}},"4":{"name":"(anonymous_4)","line":61,"loc":{"start":{"line":61,"column":5},"end":{"line":61,"column":17}}},"5":{"name":"(anonymous_5)","line":82,"loc":{"start":{"line":82,"column":5},"end":{"line":82,"column":17}}},"6":{"name":"(anonymous_6)","line":91,"loc":{"start":{"line":91,"column":77},"end":{"line":94,"column":10}}},"7":{"name":"(anonymous_7)","line":112,"loc":{"start":{"line":112,"column":83},"end":{"line":115,"column":10}},"skip":true},"8":{"name":"(anonymous_8)","line":123,"loc":{"start":{"line":123,"column":77},"end":{"line":126,"column":10}},"skip":true},"9":{"name":"(anonymous_9)","line":139,"loc":{"start":{"line":139,"column":12},"end":{"line":139,"column":40}},"skip":true},"10":{"name":"(anonymous_10)","line":147,"loc":{"start":{"line":147,"column":77},"end":{"line":150,"column":10}},"skip":true},"11":{"name":"(anonymous_11)","line":158,"loc":{"start":{"line":158,"column":83},"end":{"line":161,"column":10}},"skip":true},"12":{"name":"(anonymous_12)","line":169,"loc":{"start":{"line":169,"column":79},"end":{"line":172,"column":10}},"skip":true},"13":{"name":"(anonymous_13)","line":180,"loc":{"start":{"line":180,"column":75},"end":{"line":183,"column":10}},"skip":true}},"statementMap":{"1":{"start":{"line":12,"column":0},"end":{"line":195,"column":5}},"2":{"start":{"line":14,"column":4},"end":{"line":14,"column":14}},"3":{"start":{"line":19,"column":4},"end":{"line":56,"column":9}},"4":{"start":{"line":21,"column":8},"end":{"line":21,"column":19}},"5":{"start":{"line":23,"column":8},"end":{"line":35,"column":13}},"6":{"start":{"line":24,"column":12},"end":{"line":34,"column":13}},"7":{"start":{"line":25,"column":16},"end":{"line":28,"column":30}},"8":{"start":{"line":30,"column":16},"end":{"line":33,"column":27}},"9":{"start":{"line":37,"column":8},"end":{"line":39,"column":21}},"10":{"start":{"line":40,"column":8},"end":{"line":53,"column":9}},"11":{"start":{"line":43,"column":12},"end":{"line":46,"column":14}},"12":{"start":{"line":47,"column":12},"end":{"line":47,"column":18}},"13":{"start":{"line":50,"column":12},"end":{"line":51,"column":46}},"14":{"start":{"line":52,"column":12},"end":{"line":52,"column":18}},"15":{"start":{"line":55,"column":8},"end":{"line":55,"column":35}},"16":{"start":{"line":61,"column":4},"end":{"line":63,"column":9}},"17":{"start":{"line":62,"column":8},"end":{"line":62,"column":15}},"18":{"start":{"line":64,"column":4},"end":{"line":77,"column":5}},"19":{"start":{"line":70,"column":8},"end":{"line":70,"column":14}},"20":{"start":{"line":76,"column":8},"end":{"line":76,"column":14}},"21":{"start":{"line":82,"column":4},"end":{"line":84,"column":9}},"22":{"start":{"line":83,"column":8},"end":{"line":83,"column":15}},"23":{"start":{"line":85,"column":4},"end":{"line":194,"column":5}},"24":{"start":{"line":91,"column":8},"end":{"line":99,"column":10}},"25":{"start":{"line":98,"column":12},"end":{"line":98,"column":35}},"26":{"start":{"line":102,"column":8},"end":{"line":104,"column":63}},"27":{"start":{"line":105,"column":8},"end":{"line":105,"column":14}},"28":{"start":{"line":112,"column":8},"end":{"line":121,"column":10},"skip":true},"29":{"start":{"line":119,"column":12},"end":{"line":119,"column":55},"skip":true},"30":{"start":{"line":120,"column":12},"end":{"line":120,"column":48},"skip":true},"31":{"start":{"line":123,"column":8},"end":{"line":136,"column":10},"skip":true},"32":{"start":{"line":130,"column":12},"end":{"line":130,"column":76},"skip":true},"33":{"start":{"line":131,"column":12},"end":{"line":131,"column":73},"skip":true},"34":{"start":{"line":132,"column":12},"end":{"line":132,"column":74},"skip":true},"35":{"start":{"line":133,"column":12},"end":{"line":133,"column":79},"skip":true},"36":{"start":{"line":134,"column":12},"end":{"line":134,"column":25},"skip":true},"37":{"start":{"line":135,"column":12},"end":{"line":135,"column":45},"skip":true},"38":{"start":{"line":138,"column":8},"end":{"line":145,"column":14},"skip":true},"39":{"start":{"line":143,"column":16},"end":{"line":143,"column":29},"skip":true},"40":{"start":{"line":144,"column":16},"end":{"line":144,"column":55},"skip":true},"41":{"start":{"line":147,"column":8},"end":{"line":156,"column":10},"skip":true},"42":{"start":{"line":154,"column":12},"end":{"line":154,"column":25},"skip":true},"43":{"start":{"line":155,"column":12},"end":{"line":155,"column":45},"skip":true},"44":{"start":{"line":158,"column":8},"end":{"line":167,"column":10},"skip":true},"45":{"start":{"line":165,"column":12},"end":{"line":165,"column":25},"skip":true},"46":{"start":{"line":166,"column":12},"end":{"line":166,"column":48},"skip":true},"47":{"start":{"line":169,"column":8},"end":{"line":178,"column":10},"skip":true},"48":{"start":{"line":176,"column":12},"end":{"line":176,"column":25},"skip":true},"49":{"start":{"line":177,"column":12},"end":{"line":177,"column":46},"skip":true},"50":{"start":{"line":180,"column":8},"end":{"line":189,"column":10},"skip":true},"51":{"start":{"line":187,"column":12},"end":{"line":187,"column":94},"skip":true},"52":{"start":{"line":188,"column":12},"end":{"line":188,"column":48},"skip":true},"53":{"start":{"line":192,"column":8},"end":{"line":192,"column":35},"skip":true},"54":{"start":{"line":193,"column":8},"end":{"line":193,"column":14},"skip":true}},"branchMap":{"1":{"line":25,"type":"binary-expr","locations":[{"start":{"line":25,"column":23},"end":{"line":25,"column":62}},{"start":{"line":26,"column":20},"end":{"line":26,"column":70}},{"start":{"line":27,"column":20},"end":{"line":27,"column":71}},{"start":{"line":28,"column":20},"end":{"line":28,"column":29}}]},"2":{"line":30,"type":"binary-expr","locations":[{"start":{"line":30,"column":23},"end":{"line":30,"column":37}},{"start":{"line":31,"column":20},"end":{"line":31,"column":61}},{"start":{"line":32,"column":20},"end":{"line":32,"column":70}},{"start":{"line":33,"column":20},"end":{"line":33,"column":26}}]},"3":{"line":37,"type":"cond-expr","locations":[{"start":{"line":38,"column":14},"end":{"line":38,"column":20}},{"start":{"line":39,"column":14},"end":{"line":39,"column":20}}]},"4":{"line":40,"type":"switch","locations":[{"start":{"line":42,"column":8},"end":{"line":47,"column":18}},{"start":{"line":49,"column":8},"end":{"line":52,"column":18}}]},"5":{"line":44,"type":"binary-expr","locations":[{"start":{"line":44,"column":16},"end":{"line":44,"column":44}},{"start":{"line":44,"column":48},"end":{"line":44,"column":66}}]},"6":{"line":50,"type":"binary-expr","locations":[{"start":{"line":50,"column":21},"end":{"line":50,"column":49}},{"start":{"line":50,"column":53},"end":{"line":50,"column":72}}]},"7":{"line":64,"type":"switch","locations":[{"start":{"line":69,"column":4},"end":{"line":70,"column":14}},{"start":{"line":75,"column":4},"end":{"line":76,"column":14}}]},"8":{"line":85,"type":"switch","locations":[{"start":{"line":90,"column":4},"end":{"line":105,"column":14}},{"start":{"line":111,"column":4},"end":{"line":193,"column":14},"skip":true}]},"9":{"line":91,"type":"binary-expr","locations":[{"start":{"line":91,"column":42},"end":{"line":91,"column":73}},{"start":{"line":91,"column":77},"end":{"line":99,"column":9}}]},"10":{"line":102,"type":"binary-expr","locations":[{"start":{"line":102,"column":18},"end":{"line":102,"column":32}},{"start":{"line":103,"column":12},"end":{"line":103,"column":53}},{"start":{"line":104,"column":12},"end":{"line":104,"column":61}}]},"11":{"line":112,"type":"binary-expr","locations":[{"start":{"line":112,"column":45},"end":{"line":112,"column":79},"skip":true},{"start":{"line":112,"column":83},"end":{"line":121,"column":9},"skip":true}]},"12":{"line":123,"type":"binary-expr","locations":[{"start":{"line":123,"column":42},"end":{"line":123,"column":73},"skip":true},{"start":{"line":123,"column":77},"end":{"line":136,"column":9},"skip":true}]},"13":{"line":138,"type":"binary-expr","locations":[{"start":{"line":138,"column":48},"end":{"line":138,"column":85},"skip":true},{"start":{"line":139,"column":12},"end":{"line":145,"column":13},"skip":true}]},"14":{"line":147,"type":"binary-expr","locations":[{"start":{"line":147,"column":42},"end":{"line":147,"column":73},"skip":true},{"start":{"line":147,"column":77},"end":{"line":156,"column":9},"skip":true}]},"15":{"line":158,"type":"binary-expr","locations":[{"start":{"line":158,"column":45},"end":{"line":158,"column":79},"skip":true},{"start":{"line":158,"column":83},"end":{"line":167,"column":9},"skip":true}]},"16":{"line":169,"type":"binary-expr","locations":[{"start":{"line":169,"column":43},"end":{"line":169,"column":75},"skip":true},{"start":{"line":169,"column":79},"end":{"line":178,"column":9},"skip":true}]},"17":{"line":180,"type":"binary-expr","locations":[{"start":{"line":180,"column":41},"end":{"line":180,"column":71},"skip":true},{"start":{"line":180,"column":75},"end":{"line":189,"column":9},"skip":true}]}},"code":["/* istanbul instrument in package npmtest_twitter_text */","/*jslint","    bitwise: true,","    browser: true,","    maxerr: 8,","    maxlen: 96,","    node: true,","    nomen: true,","    regexp: true,","    stupid: true","*/","(function () {","    'use strict';","    var local;","","","","    // run shared js-env code - pre-init","    (function () {","        // init local","        local = {};","        // init modeJs","        local.modeJs = (function () {","            try {","                return typeof navigator.userAgent === 'string' &&","                    typeof document.querySelector('body') === 'object' &&","                    typeof XMLHttpRequest.prototype.open === 'function' &&","                    'browser';","            } catch (errorCaughtBrowser) {","                return module.exports &&","                    typeof process.versions.node === 'string' &&","                    typeof require('http').createServer === 'function' &&","                    'node';","            }","        }());","        // init global","        local.global = local.modeJs === 'browser'","            ? window","            : global;","        switch (local.modeJs) {","        // re-init local from window.local","        case 'browser':","            local = local.global.utility2.objectSetDefault(","                local.global.utility2_rollup || local.global.local,","                local.global.utility2","            );","            break;","        // re-init local from example.js","        case 'node':","            local = (local.global.utility2_rollup || require('utility2'))","                .requireExampleJsFromReadme();","            break;","        }","        // export local","        local.global.local = local;","    }());","","","","    // run shared js-env code - function","    (function () {","        return;","    }());","    switch (local.modeJs) {","","","","    // run browser js-env code - function","    case 'browser':","        break;","","","","    // run node js-env code - function","    case 'node':","        break;","    }","","","","    // run shared js-env code - post-init","    (function () {","        return;","    }());","    switch (local.modeJs) {","","","","    // run browser js-env code - post-init","    case 'browser':","        local.testCase_browser_nullCase = local.testCase_browser_nullCase || function (","            options,","            onError","        ) {","        /*","         * this function will test browsers's null-case handling-behavior-behavior","         */","            onError(null, options);","        };","","        // run tests","        local.nop(local.modeTest &&","            document.querySelector('#testRunButton1') &&","            document.querySelector('#testRunButton1').click());","        break;","","","","    // run node js-env code - post-init","    /* istanbul ignore next */","    case 'node':","        local.testCase_buildApidoc_default = local.testCase_buildApidoc_default || function (","            options,","            onError","        ) {","        /*","         * this function will test buildApidoc's default handling-behavior-behavior","         */","            options = { modulePathList: module.paths };","            local.buildApidoc(options, onError);","        };","","        local.testCase_buildApp_default = local.testCase_buildApp_default || function (","            options,","            onError","        ) {","        /*","         * this function will test buildApp's default handling-behavior-behavior","         */","            local.testCase_buildReadme_default(options, local.onErrorThrow);","            local.testCase_buildLib_default(options, local.onErrorThrow);","            local.testCase_buildTest_default(options, local.onErrorThrow);","            local.testCase_buildCustomOrg_default(options, local.onErrorThrow);","            options = [];","            local.buildApp(options, onError);","        };","","        local.testCase_buildCustomOrg_default = local.testCase_buildCustomOrg_default ||","            function (options, onError) {","            /*","             * this function will test buildCustomOrg's default handling-behavior","             */","                options = {};","                local.buildCustomOrg(options, onError);","            };","","        local.testCase_buildLib_default = local.testCase_buildLib_default || function (","            options,","            onError","        ) {","        /*","         * this function will test buildLib's default handling-behavior","         */","            options = {};","            local.buildLib(options, onError);","        };","","        local.testCase_buildReadme_default = local.testCase_buildReadme_default || function (","            options,","            onError","        ) {","        /*","         * this function will test buildReadme's default handling-behavior-behavior","         */","            options = {};","            local.buildReadme(options, onError);","        };","","        local.testCase_buildTest_default = local.testCase_buildTest_default || function (","            options,","            onError","        ) {","        /*","         * this function will test buildTest's default handling-behavior","         */","            options = {};","            local.buildTest(options, onError);","        };","","        local.testCase_webpage_default = local.testCase_webpage_default || function (","            options,","            onError","        ) {","        /*","         * this function will test webpage's default handling-behavior","         */","            options = { modeCoverageMerge: true, url: local.serverLocalHost + '?modeTest=1' };","            local.browserTest(options, onError);","        };","","        // run test-server","        local.testRunServer(local);","        break;","    }","}());",""],"l":{"12":2,"14":2,"19":2,"21":2,"23":2,"24":2,"25":2,"30":1,"37":2,"40":2,"43":1,"47":1,"50":1,"52":1,"55":2,"61":2,"62":2,"64":2,"70":1,"76":1,"82":2,"83":2,"85":2,"91":1,"98":1,"102":1,"105":1,"112":1,"119":1,"120":1,"123":1,"130":1,"131":1,"132":1,"133":1,"134":1,"135":1,"138":1,"143":2,"144":2,"147":1,"154":2,"155":2,"158":1,"165":2,"166":2,"169":1,"176":2,"177":2,"180":1,"187":1,"188":1,"192":1,"193":1}},"/home/travis/build/npmtest/node-npmtest-twitter-text/lib.npmtest_twitter_text.js":{"path":"/home/travis/build/npmtest/node-npmtest-twitter-text/lib.npmtest_twitter_text.js","s":{"1":2,"2":2,"3":2,"4":2,"5":2,"6":2,"7":2,"8":1,"9":2,"10":2,"11":2,"12":2,"13":1,"14":1,"15":1,"16":1},"b":{"1":[2,1,1,1],"2":[1,1,1,1],"3":[1,1],"4":[2,2],"5":[1,1]},"f":{"1":2,"2":2,"3":2},"fnMap":{"1":{"name":"(anonymous_1)","line":12,"loc":{"start":{"line":12,"column":1},"end":{"line":12,"column":13}}},"2":{"name":"(anonymous_2)","line":19,"loc":{"start":{"line":19,"column":5},"end":{"line":19,"column":17}}},"3":{"name":"(anonymous_3)","line":23,"loc":{"start":{"line":23,"column":24},"end":{"line":23,"column":36}}}},"statementMap":{"1":{"start":{"line":12,"column":0},"end":{"line":53,"column":5}},"2":{"start":{"line":14,"column":4},"end":{"line":14,"column":14}},"3":{"start":{"line":19,"column":4},"end":{"line":52,"column":9}},"4":{"start":{"line":21,"column":8},"end":{"line":21,"column":19}},"5":{"start":{"line":23,"column":8},"end":{"line":35,"column":13}},"6":{"start":{"line":24,"column":12},"end":{"line":34,"column":13}},"7":{"start":{"line":25,"column":16},"end":{"line":28,"column":30}},"8":{"start":{"line":30,"column":16},"end":{"line":33,"column":27}},"9":{"start":{"line":37,"column":8},"end":{"line":39,"column":21}},"10":{"start":{"line":41,"column":8},"end":{"line":41,"column":54}},"11":{"start":{"line":43,"column":8},"end":{"line":43,"column":57}},"12":{"start":{"line":45,"column":8},"end":{"line":51,"column":9}},"13":{"start":{"line":46,"column":12},"end":{"line":46,"column":63}},"14":{"start":{"line":48,"column":12},"end":{"line":48,"column":35}},"15":{"start":{"line":49,"column":12},"end":{"line":49,"column":49}},"16":{"start":{"line":50,"column":12},"end":{"line":50,"column":43}}},"branchMap":{"1":{"line":25,"type":"binary-expr","locations":[{"start":{"line":25,"column":23},"end":{"line":25,"column":62}},{"start":{"line":26,"column":20},"end":{"line":26,"column":70}},{"start":{"line":27,"column":20},"end":{"line":27,"column":71}},{"start":{"line":28,"column":20},"end":{"line":28,"column":29}}]},"2":{"line":30,"type":"binary-expr","locations":[{"start":{"line":30,"column":23},"end":{"line":30,"column":37}},{"start":{"line":31,"column":20},"end":{"line":31,"column":61}},{"start":{"line":32,"column":20},"end":{"line":32,"column":70}},{"start":{"line":33,"column":20},"end":{"line":33,"column":26}}]},"3":{"line":37,"type":"cond-expr","locations":[{"start":{"line":38,"column":14},"end":{"line":38,"column":20}},{"start":{"line":39,"column":14},"end":{"line":39,"column":20}}]},"4":{"line":41,"type":"binary-expr","locations":[{"start":{"line":41,"column":16},"end":{"line":41,"column":44}},{"start":{"line":41,"column":48},"end":{"line":41,"column":53}}]},"5":{"line":45,"type":"if","locations":[{"start":{"line":45,"column":8},"end":{"line":45,"column":8}},{"start":{"line":45,"column":8},"end":{"line":45,"column":8}}]}},"code":["/* istanbul instrument in package npmtest_twitter_text */","/*jslint","    bitwise: true,","    browser: true,","    maxerr: 8,","    maxlen: 96,","    node: true,","    nomen: true,","    regexp: true,","    stupid: true","*/","(function () {","    'use strict';","    var local;","","","","    // run shared js-env code - pre-init","    (function () {","        // init local","        local = {};","        // init modeJs","        local.modeJs = (function () {","            try {","                return typeof navigator.userAgent === 'string' &&","                    typeof document.querySelector('body') === 'object' &&","                    typeof XMLHttpRequest.prototype.open === 'function' &&","                    'browser';","            } catch (errorCaughtBrowser) {","                return module.exports &&","                    typeof process.versions.node === 'string' &&","                    typeof require('http').createServer === 'function' &&","                    'node';","            }","        }());","        // init global","        local.global = local.modeJs === 'browser'","            ? window","            : global;","        // init utility2_rollup","        local = local.global.utility2_rollup || local;","        // init lib","        local.local = local.npmtest_twitter_text = local;","        // init exports","        if (local.modeJs === 'browser') {","            local.global.utility2_npmtest_twitter_text = local;","        } else {","            module.exports = local;","            module.exports.__dirname = __dirname;","            module.exports.module = module;","        }","    }());","}());",""],"l":{"12":2,"14":2,"19":2,"21":2,"23":2,"24":2,"25":2,"30":1,"37":2,"41":2,"43":2,"45":2,"46":1,"48":1,"49":1,"50":1}},"/home/travis/build/npmtest/node-npmtest-twitter-text/example.js":{"path":"/home/travis/build/npmtest/node-npmtest-twitter-text/example.js","s":{"1":2,"2":2,"3":2,"4":2,"5":2,"6":2,"7":2,"8":1,"9":2,"10":2,"11":2,"12":2,"13":1,"14":2,"15":2,"16":2,"17":2,"18":2,"19":0,"20":2,"21":1,"22":1,"23":1,"24":1,"25":1,"26":0,"27":0,"28":1,"29":1,"30":2,"31":0,"32":0,"33":0,"34":1,"35":2,"36":2,"37":3,"38":3,"39":3,"40":3,"41":0,"42":3,"43":3,"44":3,"45":1,"46":3,"47":1,"48":1,"49":1,"50":1,"51":1,"52":1,"53":1,"54":1,"55":1,"56":1,"57":0,"58":1,"59":6,"60":6,"61":1,"62":2,"63":0,"64":2,"65":1,"66":1,"67":0,"68":0,"69":0,"70":0,"71":0,"72":0,"73":0,"74":0,"75":0,"76":0,"77":0,"78":0,"79":0,"80":0,"81":0,"82":0,"83":0},"b":{"1":[2,1,1,1],"2":[1,1,1,1],"3":[1,1],"4":[2,2],"5":[1,1],"6":[1,1],"7":[2,0],"8":[2,1,1,1,1,1],"9":[0,2,0],"10":[1,1],"11":[2,1,1],"12":[1,0],"13":[0,2],"14":[2,0,0,0,0,0,0],"15":[0,3],"16":[3,0],"17":[1,1],"18":[0,1],"19":[1,2,0,2],"20":[1,0],"21":[1,1],"22":[0,0],"23":[0,0],"24":[0,0],"25":[0,0],"26":[0,0],"27":[0,0],"28":[0,0]},"f":{"1":2,"2":2,"3":2,"4":2,"5":2,"6":2,"7":3,"8":3,"9":3,"10":1,"11":6,"12":0},"fnMap":{"1":{"name":"(anonymous_1)","line":26,"loc":{"start":{"line":26,"column":1},"end":{"line":26,"column":13}}},"2":{"name":"(anonymous_2)","line":33,"loc":{"start":{"line":33,"column":5},"end":{"line":33,"column":17}}},"3":{"name":"(anonymous_3)","line":37,"loc":{"start":{"line":37,"column":24},"end":{"line":37,"column":36}}},"4":{"name":"(anonymous_4)","line":69,"loc":{"start":{"line":69,"column":31},"end":{"line":69,"column":48}},"skip":true},"5":{"name":"(anonymous_5)","line":78,"loc":{"start":{"line":78,"column":26},"end":{"line":78,"column":45}},"skip":true},"6":{"name":"(anonymous_6)","line":123,"loc":{"start":{"line":123,"column":33},"end":{"line":123,"column":48}},"skip":true},"7":{"name":"(anonymous_7)","line":125,"loc":{"start":{"line":125,"column":27},"end":{"line":125,"column":39}},"skip":true},"8":{"name":"(anonymous_8)","line":133,"loc":{"start":{"line":133,"column":59},"end":{"line":133,"column":74}},"skip":true},"9":{"name":"(anonymous_9)","line":143,"loc":{"start":{"line":143,"column":45},"end":{"line":143,"column":62}},"skip":true},"10":{"name":"(anonymous_10)","line":144,"loc":{"start":{"line":144,"column":73},"end":{"line":144,"column":92}},"skip":true},"11":{"name":"(anonymous_11)","line":272,"loc":{"start":{"line":272,"column":51},"end":{"line":272,"column":77}},"skip":true},"12":{"name":"(anonymous_12)","line":314,"loc":{"start":{"line":314,"column":32},"end":{"line":314,"column":61}},"skip":true}},"statementMap":{"1":{"start":{"line":26,"column":0},"end":{"line":325,"column":5}},"2":{"start":{"line":28,"column":4},"end":{"line":28,"column":14}},"3":{"start":{"line":33,"column":4},"end":{"line":60,"column":9}},"4":{"start":{"line":35,"column":8},"end":{"line":35,"column":19}},"5":{"start":{"line":37,"column":8},"end":{"line":49,"column":13}},"6":{"start":{"line":38,"column":12},"end":{"line":48,"column":13}},"7":{"start":{"line":39,"column":16},"end":{"line":42,"column":30}},"8":{"start":{"line":44,"column":16},"end":{"line":47,"column":27}},"9":{"start":{"line":51,"column":8},"end":{"line":53,"column":21}},"10":{"start":{"line":55,"column":8},"end":{"line":57,"column":45}},"11":{"start":{"line":59,"column":8},"end":{"line":59,"column":35}},"12":{"start":{"line":61,"column":4},"end":{"line":324,"column":5}},"13":{"start":{"line":69,"column":8},"end":{"line":121,"column":10},"skip":true},"14":{"start":{"line":70,"column":12},"end":{"line":88,"column":13},"skip":true},"15":{"start":{"line":76,"column":16},"end":{"line":87,"column":19},"skip":true},"16":{"start":{"line":79,"column":20},"end":{"line":86,"column":21},"skip":true},"17":{"start":{"line":82,"column":24},"end":{"line":82,"column":43},"skip":true},"18":{"start":{"line":83,"column":24},"end":{"line":83,"column":30},"skip":true},"19":{"start":{"line":85,"column":24},"end":{"line":85,"column":49},"skip":true},"20":{"start":{"line":89,"column":12},"end":{"line":107,"column":13},"skip":true},"21":{"start":{"line":92,"column":16},"end":{"line":102,"column":17},"skip":true},"22":{"start":{"line":93,"column":20},"end":{"line":93,"column":86},"skip":true},"23":{"start":{"line":94,"column":20},"end":{"line":95,"column":45},"skip":true},"24":{"start":{"line":96,"column":20},"end":{"line":96,"column":42},"skip":true},"25":{"start":{"line":97,"column":20},"end":{"line":97,"column":48},"skip":true},"26":{"start":{"line":100,"column":20},"end":{"line":100,"column":85},"skip":true},"27":{"start":{"line":101,"column":20},"end":{"line":101,"column":96},"skip":true},"28":{"start":{"line":103,"column":16},"end":{"line":103,"column":22},"skip":true},"29":{"start":{"line":106,"column":16},"end":{"line":106,"column":22},"skip":true},"30":{"start":{"line":108,"column":12},"end":{"line":120,"column":13},"skip":true},"31":{"start":{"line":114,"column":16},"end":{"line":119,"column":17},"skip":true},"32":{"start":{"line":116,"column":20},"end":{"line":116,"column":78},"skip":true},"33":{"start":{"line":118,"column":20},"end":{"line":118,"column":47},"skip":true},"34":{"start":{"line":123,"column":8},"end":{"line":141,"column":11},"skip":true},"35":{"start":{"line":124,"column":12},"end":{"line":124,"column":54},"skip":true},"36":{"start":{"line":125,"column":12},"end":{"line":140,"column":14},"skip":true},"37":{"start":{"line":126,"column":16},"end":{"line":126,"column":28},"skip":true},"38":{"start":{"line":127,"column":16},"end":{"line":127,"column":69},"skip":true},"39":{"start":{"line":128,"column":16},"end":{"line":128,"column":75},"skip":true},"40":{"start":{"line":129,"column":16},"end":{"line":131,"column":17},"skip":true},"41":{"start":{"line":130,"column":20},"end":{"line":130,"column":27},"skip":true},"42":{"start":{"line":133,"column":16},"end":{"line":137,"column":36},"skip":true},"43":{"start":{"line":134,"column":20},"end":{"line":136,"column":55},"skip":true},"44":{"start":{"line":139,"column":16},"end":{"line":139,"column":57},"skip":true},"45":{"start":{"line":143,"column":8},"end":{"line":147,"column":11},"skip":true},"46":{"start":{"line":144,"column":12},"end":{"line":146,"column":15},"skip":true},"47":{"start":{"line":145,"column":16},"end":{"line":145,"column":70},"skip":true},"48":{"start":{"line":149,"column":8},"end":{"line":149,"column":31},"skip":true},"49":{"start":{"line":150,"column":8},"end":{"line":150,"column":14},"skip":true},"50":{"start":{"line":158,"column":8},"end":{"line":158,"column":31},"skip":true},"51":{"start":{"line":160,"column":8},"end":{"line":160,"column":33},"skip":true},"52":{"start":{"line":161,"column":8},"end":{"line":161,"column":37},"skip":true},"53":{"start":{"line":162,"column":8},"end":{"line":162,"column":35},"skip":true},"54":{"start":{"line":164,"column":8},"end":{"line":164,"column":50},"skip":true},"55":{"start":{"line":166,"column":8},"end":{"line":256,"column":2},"skip":true},"56":{"start":{"line":258,"column":8},"end":{"line":286,"column":9},"skip":true},"57":{"start":{"line":259,"column":12},"end":{"line":269,"column":14},"skip":true},"58":{"start":{"line":271,"column":12},"end":{"line":285,"column":19},"skip":true},"59":{"start":{"line":274,"column":20},"end":{"line":274,"column":35},"skip":true},"60":{"start":{"line":275,"column":20},"end":{"line":284,"column":21},"skip":true},"61":{"start":{"line":277,"column":24},"end":{"line":277,"column":64},"skip":true},"62":{"start":{"line":279,"column":24},"end":{"line":279,"column":40},"skip":true},"63":{"start":{"line":281,"column":24},"end":{"line":281,"column":40},"skip":true},"64":{"start":{"line":283,"column":24},"end":{"line":283,"column":39},"skip":true},"65":{"start":{"line":288,"column":8},"end":{"line":290,"column":9},"skip":true},"66":{"start":{"line":289,"column":12},"end":{"line":289,"column":18},"skip":true},"67":{"start":{"line":291,"column":8},"end":{"line":293,"column":54},"skip":true},"68":{"start":{"line":294,"column":8},"end":{"line":301,"column":37},"skip":true},"69":{"start":{"line":302,"column":8},"end":{"line":302,"column":82},"skip":true},"70":{"start":{"line":305,"column":8},"end":{"line":307,"column":9},"skip":true},"71":{"start":{"line":306,"column":12},"end":{"line":306,"column":82},"skip":true},"72":{"start":{"line":309,"column":8},"end":{"line":311,"column":9},"skip":true},"73":{"start":{"line":310,"column":12},"end":{"line":310,"column":18},"skip":true},"74":{"start":{"line":312,"column":8},"end":{"line":312,"column":54},"skip":true},"75":{"start":{"line":313,"column":8},"end":{"line":313,"column":69},"skip":true},"76":{"start":{"line":314,"column":8},"end":{"line":322,"column":36},"skip":true},"77":{"start":{"line":315,"column":12},"end":{"line":315,"column":61},"skip":true},"78":{"start":{"line":316,"column":12},"end":{"line":319,"column":13},"skip":true},"79":{"start":{"line":317,"column":16},"end":{"line":317,"column":75},"skip":true},"80":{"start":{"line":318,"column":16},"end":{"line":318,"column":23},"skip":true},"81":{"start":{"line":320,"column":12},"end":{"line":320,"column":38},"skip":true},"82":{"start":{"line":321,"column":12},"end":{"line":321,"column":27},"skip":true},"83":{"start":{"line":323,"column":8},"end":{"line":323,"column":14},"skip":true}},"branchMap":{"1":{"line":39,"type":"binary-expr","locations":[{"start":{"line":39,"column":23},"end":{"line":39,"column":62}},{"start":{"line":40,"column":20},"end":{"line":40,"column":70}},{"start":{"line":41,"column":20},"end":{"line":41,"column":71}},{"start":{"line":42,"column":20},"end":{"line":42,"column":29}}]},"2":{"line":44,"type":"binary-expr","locations":[{"start":{"line":44,"column":23},"end":{"line":44,"column":37}},{"start":{"line":45,"column":20},"end":{"line":45,"column":61}},{"start":{"line":46,"column":20},"end":{"line":46,"column":70}},{"start":{"line":47,"column":20},"end":{"line":47,"column":26}}]},"3":{"line":51,"type":"cond-expr","locations":[{"start":{"line":52,"column":14},"end":{"line":52,"column":20}},{"start":{"line":53,"column":14},"end":{"line":53,"column":20}}]},"4":{"line":55,"type":"binary-expr","locations":[{"start":{"line":55,"column":16},"end":{"line":55,"column":44}},{"start":{"line":55,"column":49},"end":{"line":57,"column":43}}]},"5":{"line":55,"type":"cond-expr","locations":[{"start":{"line":56,"column":14},"end":{"line":56,"column":56}},{"start":{"line":57,"column":14},"end":{"line":57,"column":43}}]},"6":{"line":61,"type":"switch","locations":[{"start":{"line":68,"column":4},"end":{"line":150,"column":14},"skip":true},{"start":{"line":156,"column":4},"end":{"line":323,"column":14},"skip":true}]},"7":{"line":70,"type":"if","locations":[{"start":{"line":70,"column":12},"end":{"line":70,"column":12},"skip":true},{"start":{"line":70,"column":12},"end":{"line":70,"column":12},"skip":true}]},"8":{"line":70,"type":"binary-expr","locations":[{"start":{"line":70,"column":16},"end":{"line":70,"column":22},"skip":true},{"start":{"line":70,"column":27},"end":{"line":70,"column":32},"skip":true},{"start":{"line":71,"column":20},"end":{"line":71,"column":39},"skip":true},{"start":{"line":72,"column":20},"end":{"line":72,"column":49},"skip":true},{"start":{"line":73,"column":20},"end":{"line":73,"column":58},"skip":true},{"start":{"line":74,"column":20},"end":{"line":74,"column":69},"skip":true}]},"9":{"line":79,"type":"switch","locations":[{"start":{"line":80,"column":20},"end":{"line":80,"column":33},"skip":true},{"start":{"line":81,"column":20},"end":{"line":83,"column":30},"skip":true},{"start":{"line":84,"column":20},"end":{"line":85,"column":49},"skip":true}]},"10":{"line":89,"type":"switch","locations":[{"start":{"line":90,"column":12},"end":{"line":103,"column":22},"skip":true},{"start":{"line":105,"column":12},"end":{"line":106,"column":22},"skip":true}]},"11":{"line":89,"type":"binary-expr","locations":[{"start":{"line":89,"column":20},"end":{"line":89,"column":25},"skip":true},{"start":{"line":89,"column":29},"end":{"line":89,"column":48},"skip":true},{"start":{"line":89,"column":52},"end":{"line":89,"column":74},"skip":true}]},"12":{"line":92,"type":"if","locations":[{"start":{"line":92,"column":16},"end":{"line":92,"column":16},"skip":true},{"start":{"line":92,"column":16},"end":{"line":92,"column":16},"skip":true}]},"13":{"line":108,"type":"if","locations":[{"start":{"line":108,"column":12},"end":{"line":108,"column":12},"skip":true},{"start":{"line":108,"column":12},"end":{"line":108,"column":12},"skip":true}]},"14":{"line":108,"type":"binary-expr","locations":[{"start":{"line":108,"column":16},"end":{"line":108,"column":61},"skip":true},{"start":{"line":108,"column":66},"end":{"line":108,"column":72},"skip":true},{"start":{"line":108,"column":77},"end":{"line":108,"column":82},"skip":true},{"start":{"line":109,"column":20},"end":{"line":109,"column":39},"skip":true},{"start":{"line":110,"column":20},"end":{"line":110,"column":49},"skip":true},{"start":{"line":111,"column":20},"end":{"line":111,"column":58},"skip":true},{"start":{"line":112,"column":20},"end":{"line":112,"column":68},"skip":true}]},"15":{"line":129,"type":"if","locations":[{"start":{"line":129,"column":16},"end":{"line":129,"column":16},"skip":true},{"start":{"line":129,"column":16},"end":{"line":129,"column":16},"skip":true}]},"16":{"line":134,"type":"cond-expr","locations":[{"start":{"line":135,"column":26},"end":{"line":135,"column":29},"skip":true},{"start":{"line":136,"column":26},"end":{"line":136,"column":54},"skip":true}]},"17":{"line":164,"type":"binary-expr","locations":[{"start":{"line":164,"column":27},"end":{"line":164,"column":43},"skip":true},{"start":{"line":164,"column":47},"end":{"line":164,"column":49},"skip":true}]},"18":{"line":258,"type":"if","locations":[{"start":{"line":258,"column":8},"end":{"line":258,"column":8},"skip":true},{"start":{"line":258,"column":8},"end":{"line":258,"column":8},"skip":true}]},"19":{"line":275,"type":"switch","locations":[{"start":{"line":276,"column":20},"end":{"line":277,"column":64},"skip":true},{"start":{"line":278,"column":20},"end":{"line":279,"column":40},"skip":true},{"start":{"line":280,"column":20},"end":{"line":281,"column":40},"skip":true},{"start":{"line":282,"column":20},"end":{"line":283,"column":39},"skip":true}]},"20":{"line":288,"type":"if","locations":[{"start":{"line":288,"column":8},"end":{"line":288,"column":8},"skip":true},{"start":{"line":288,"column":8},"end":{"line":288,"column":8},"skip":true}]},"21":{"line":288,"type":"binary-expr","locations":[{"start":{"line":288,"column":12},"end":{"line":288,"column":40},"skip":true},{"start":{"line":288,"column":44},"end":{"line":288,"column":67},"skip":true}]},"22":{"line":292,"type":"binary-expr","locations":[{"start":{"line":292,"column":12},"end":{"line":292,"column":50},"skip":true},{"start":{"line":293,"column":12},"end":{"line":293,"column":53},"skip":true}]},"23":{"line":295,"type":"binary-expr","locations":[{"start":{"line":295,"column":12},"end":{"line":295,"column":70},"skip":true},{"start":{"line":296,"column":12},"end":{"line":301,"column":36},"skip":true}]},"24":{"line":302,"type":"binary-expr","locations":[{"start":{"line":302,"column":43},"end":{"line":302,"column":75},"skip":true},{"start":{"line":302,"column":79},"end":{"line":302,"column":81},"skip":true}]},"25":{"line":305,"type":"if","locations":[{"start":{"line":305,"column":8},"end":{"line":305,"column":8},"skip":true},{"start":{"line":305,"column":8},"end":{"line":305,"column":8},"skip":true}]},"26":{"line":309,"type":"if","locations":[{"start":{"line":309,"column":8},"end":{"line":309,"column":8},"skip":true},{"start":{"line":309,"column":8},"end":{"line":309,"column":8},"skip":true}]},"27":{"line":312,"type":"binary-expr","locations":[{"start":{"line":312,"column":27},"end":{"line":312,"column":43},"skip":true},{"start":{"line":312,"column":47},"end":{"line":312,"column":53},"skip":true}]},"28":{"line":316,"type":"if","locations":[{"start":{"line":316,"column":12},"end":{"line":316,"column":12},"skip":true},{"start":{"line":316,"column":12},"end":{"line":316,"column":12},"skip":true}]}},"code":["/*","example.js","","quickstart example","","instruction","    1. save this script as example.js","    2. run the shell command:","        $ npm install npmtest-twitter-text && PORT=8081 node example.js","    3. play with the browser-demo on http://127.0.0.1:8081","*/","","","","/* istanbul instrument in package npmtest_twitter_text */","/*jslint","    bitwise: true,","    browser: true,","    maxerr: 8,","    maxlen: 96,","    node: true,","    nomen: true,","    regexp: true,","    stupid: true","*/","(function () {","    'use strict';","    var local;","","","","    // run shared js-env code - pre-init","    (function () {","        // init local","        local = {};","        // init modeJs","        local.modeJs = (function () {","            try {","                return typeof navigator.userAgent === 'string' &&","                    typeof document.querySelector('body') === 'object' &&","                    typeof XMLHttpRequest.prototype.open === 'function' &&","                    'browser';","            } catch (errorCaughtBrowser) {","                return module.exports &&","                    typeof process.versions.node === 'string' &&","                    typeof require('http').createServer === 'function' &&","                    'node';","            }","        }());","        // init global","        local.global = local.modeJs === 'browser'","            ? window","            : global;","        // init utility2_rollup","        local = local.global.utility2_rollup || (local.modeJs === 'browser'","            ? local.global.utility2_npmtest_twitter_text","            : global.utility2_moduleExports);","        // export local","        local.global.local = local;","    }());","    switch (local.modeJs) {","","","","    // post-init","    // run browser js-env code - post-init","    /* istanbul ignore next */","    case 'browser':","        local.testRunBrowser = function (event) {","            if (!event || (event &&","                    event.currentTarget &&","                    event.currentTarget.className &&","                    event.currentTarget.className.includes &&","                    event.currentTarget.className.includes('onreset'))) {","                // reset output","                Array.from(","                    document.querySelectorAll('body > .resettable')","                ).forEach(function (element) {","                    switch (element.tagName) {","                    case 'INPUT':","                    case 'TEXTAREA':","                        element.value = '';","                        break;","                    default:","                        element.textContent = '';","                    }","                });","            }","            switch (event && event.currentTarget && event.currentTarget.id) {","            case 'testRunButton1':","                // show tests","                if (document.querySelector('#testReportDiv1').style.display === 'none') {","                    document.querySelector('#testReportDiv1').style.display = 'block';","                    document.querySelector('#testRunButton1').textContent =","                        'hide internal test';","                    local.modeTest = true;","                    local.testRunDefault(local);","                // hide tests","                } else {","                    document.querySelector('#testReportDiv1').style.display = 'none';","                    document.querySelector('#testRunButton1').textContent = 'run internal test';","                }","                break;","            // custom-case","            default:","                break;","            }","            if (document.querySelector('#inputTextareaEval1') && (!event || (event &&","                    event.currentTarget &&","                    event.currentTarget.className &&","                    event.currentTarget.className.includes &&","                    event.currentTarget.className.includes('oneval')))) {","                // try to eval input-code","                try {","                    /*jslint evil: true*/","                    eval(document.querySelector('#inputTextareaEval1').value);","                } catch (errorCaught) {","                    console.error(errorCaught);","                }","            }","        };","        // log stderr and stdout to #outputTextareaStdout1","        ['error', 'log'].forEach(function (key) {","            console[key + '_original'] = console[key];","            console[key] = function () {","                var element;","                console[key + '_original'].apply(console, arguments);","                element = document.querySelector('#outputTextareaStdout1');","                if (!element) {","                    return;","                }","                // append text to #outputTextareaStdout1","                element.value += Array.from(arguments).map(function (arg) {","                    return typeof arg === 'string'","                        ? arg","                        : JSON.stringify(arg, null, 4);","                }).join(' ') + '\\n';","                // scroll textarea to bottom","                element.scrollTop = element.scrollHeight;","            };","        });","        // init event-handling","        ['change', 'click', 'keyup'].forEach(function (event) {","            Array.from(document.querySelectorAll('.on' + event)).forEach(function (element) {","                element.addEventListener(event, local.testRunBrowser);","            });","        });","        // run tests","        local.testRunBrowser();","        break;","","","","    // run node js-env code - post-init","    /* istanbul ignore next */","    case 'node':","        // export local","        module.exports = local;","        // require modules","        local.fs = require('fs');","        local.http = require('http');","        local.url = require('url');","        // init assets","        local.assetsDict = local.assetsDict || {};","        /* jslint-ignore-begin */","        local.assetsDict['/assets.index.template.html'] = '\\","<!doctype html>\\n\\","<html lang=\"en\">\\n\\","<head>\\n\\","<meta charset=\"UTF-8\">\\n\\","<meta name=\"viewport\" content=\"width=device-width, initial-scale=1\">\\n\\","<title>{{env.npm_package_name}} (v{{env.npm_package_version}})</title>\\n\\","<style>\\n\\","/*csslint\\n\\","    box-sizing: false,\\n\\","    universal-selector: false\\n\\","*/\\n\\","* {\\n\\","    box-sizing: border-box;\\n\\","}\\n\\","body {\\n\\","    background: #dde;\\n\\","    font-family: Arial, Helvetica, sans-serif;\\n\\","    margin: 2rem;\\n\\","}\\n\\","body > * {\\n\\","    margin-bottom: 1rem;\\n\\","}\\n\\",".utility2FooterDiv {\\n\\","    margin-top: 20px;\\n\\","    text-align: center;\\n\\","}\\n\\","</style>\\n\\","<style>\\n\\","/*csslint\\n\\","*/\\n\\","textarea {\\n\\","    font-family: monospace;\\n\\","    height: 10rem;\\n\\","    width: 100%;\\n\\","}\\n\\","textarea[readonly] {\\n\\","    background: #ddd;\\n\\","}\\n\\","</style>\\n\\","</head>\\n\\","<body>\\n\\","<!-- utility2-comment\\n\\","<div id=\"ajaxProgressDiv1\" style=\"background: #d00; height: 2px; left: 0; margin: 0; padding: 0; position: fixed; top: 0; transition: background 0.5s, width 1.5s; width: 25%;\"></div>\\n\\","utility2-comment -->\\n\\","<h1>\\n\\","<!-- utility2-comment\\n\\","    <a\\n\\","        {{#if env.npm_package_homepage}}\\n\\","        href=\"{{env.npm_package_homepage}}\"\\n\\","        {{/if env.npm_package_homepage}}\\n\\","        target=\"_blank\"\\n\\","    >\\n\\","utility2-comment -->\\n\\","        {{env.npm_package_name}} (v{{env.npm_package_version}})\\n\\","<!-- utility2-comment\\n\\","    </a>\\n\\","utility2-comment -->\\n\\","</h1>\\n\\","<h3>{{env.npm_package_description}}</h3>\\n\\","<!-- utility2-comment\\n\\","<h4><a download href=\"assets.app.js\">download standalone app</a></h4>\\n\\","<button class=\"onclick onreset\" id=\"testRunButton1\">run internal test</button><br>\\n\\","<div id=\"testReportDiv1\" style=\"display: none;\"></div>\\n\\","utility2-comment -->\\n\\","\\n\\","\\n\\","\\n\\","<label>stderr and stdout</label>\\n\\","<textarea class=\"resettable\" id=\"outputTextareaStdout1\" readonly></textarea>\\n\\","<!-- utility2-comment\\n\\","{{#if isRollup}}\\n\\","<script src=\"assets.app.js\"></script>\\n\\","{{#unless isRollup}}\\n\\","utility2-comment -->\\n\\","<script src=\"assets.utility2.rollup.js\"></script>\\n\\","<script src=\"jsonp.utility2._stateInit?callback=window.utility2._stateInit\"></script>\\n\\","<script src=\"assets.npmtest_twitter_text.rollup.js\"></script>\\n\\","<script src=\"assets.example.js\"></script>\\n\\","<script src=\"assets.test.js\"></script>\\n\\","<!-- utility2-comment\\n\\","{{/if isRollup}}\\n\\","utility2-comment -->\\n\\","<div class=\"utility2FooterDiv\">\\n\\","    [ this app was created with\\n\\","    <a href=\"https://github.com/kaizhu256/node-utility2\" target=\"_blank\">utility2</a>\\n\\","    ]\\n\\","</div>\\n\\","</body>\\n\\","</html>\\n\\","';","        /* jslint-ignore-end */","        if (local.templateRender) {","            local.assetsDict['/'] = local.templateRender(","                local.assetsDict['/assets.index.template.html'],","                {","                    env: local.objectSetDefault(local.env, {","                        npm_package_description: 'the greatest app in the world!',","                        npm_package_name: 'my-app',","                        npm_package_nameAlias: 'my_app',","                        npm_package_version: '0.0.1'","                    })","                }","            );","        } else {","            local.assetsDict['/'] = local.assetsDict['/assets.index.template.html']","                .replace((/\\{\\{env\\.(\\w+?)\\}\\}/g), function (match0, match1) {","                    // jslint-hack","                    String(match0);","                    switch (match1) {","                    case 'npm_package_description':","                        return 'the greatest app in the world!';","                    case 'npm_package_name':","                        return 'my-app';","                    case 'npm_package_nameAlias':","                        return 'my_app';","                    case 'npm_package_version':","                        return '0.0.1';","                    }","                });","        }","        // run the cli","        if (local.global.utility2_rollup || module !== require.main) {","            break;","        }","        local.assetsDict['/assets.example.js'] =","            local.assetsDict['/assets.example.js'] ||","            local.fs.readFileSync(__filename, 'utf8');","        local.assetsDict['/assets.npmtest_twitter_text.rollup.js'] =","            local.assetsDict['/assets.npmtest_twitter_text.rollup.js'] ||","            local.fs.readFileSync(","                // buildCustomOrg-hack","                local.npmtest_twitter_text.__dirname +","                    '/lib.npmtest_twitter_text.js',","                'utf8'","            ).replace((/^#!/), '//');","        local.assetsDict['/favicon.ico'] = local.assetsDict['/favicon.ico'] || '';","        // if $npm_config_timeout_exit exists,","        // then exit this process after $npm_config_timeout_exit ms","        if (Number(process.env.npm_config_timeout_exit)) {","            setTimeout(process.exit, Number(process.env.npm_config_timeout_exit));","        }","        // start server","        if (local.global.utility2_serverHttp1) {","            break;","        }","        process.env.PORT = process.env.PORT || '8081';","        console.error('server starting on port ' + process.env.PORT);","        local.http.createServer(function (request, response) {","            request.urlParsed = local.url.parse(request.url);","            if (local.assetsDict[request.urlParsed.pathname] !== undefined) {","                response.end(local.assetsDict[request.urlParsed.pathname]);","                return;","            }","            response.statusCode = 404;","            response.end();","        }).listen(process.env.PORT);","        break;","    }","}());",""],"l":{"26":2,"28":2,"33":2,"35":2,"37":2,"38":2,"39":2,"44":1,"51":2,"55":2,"59":2,"61":2,"69":1,"70":2,"76":2,"79":2,"82":2,"83":2,"85":1,"89":2,"92":1,"93":1,"94":1,"96":1,"97":1,"100":1,"101":1,"103":1,"106":1,"108":2,"114":1,"116":1,"118":1,"123":1,"124":2,"125":2,"126":3,"127":3,"128":3,"129":3,"130":1,"133":3,"134":3,"139":3,"143":1,"144":3,"145":1,"149":1,"150":1,"158":1,"160":1,"161":1,"162":1,"164":1,"166":1,"258":1,"259":1,"271":1,"274":6,"275":6,"277":1,"279":2,"281":1,"283":2,"288":1,"289":1,"291":1,"294":1,"302":1,"305":1,"306":1,"309":1,"310":1,"312":1,"313":1,"314":1,"315":1,"316":1,"317":1,"318":1,"320":1,"321":1,"323":1}},"/home/travis/build/npmtest/node-npmtest-twitter-text/node_modules/twitter-text/twitter-text.js":{"path":"/home/travis/build/npmtest/node-npmtest-twitter-text/node_modules/twitter-text/twitter-text.js","s":{"1":1,"2":1,"3":1,"4":1,"5":1,"6":1,"7":1,"8":0,"9":0,"10":1,"11":41,"12":41,"13":28,"14":2,"15":28,"16":12,"17":28,"18":0,"19":28,"20":41,"21":99,"22":99,"23":98,"24":99,"25":1,"26":1,"27":1,"28":3,"29":1,"30":1,"31":1,"32":1,"33":1,"34":1,"35":1,"36":1,"37":1,"38":1,"39":1,"40":1,"41":1,"42":1,"43":1,"44":1,"45":1,"46":1,"47":1,"48":1,"49":1,"50":1,"51":1,"52":1,"53":1,"54":1,"55":1,"56":1,"57":1,"58":1,"59":1,"60":1,"61":1,"62":1,"63":1,"64":1,"65":1,"66":1,"67":1,"68":1,"69":1,"70":1,"71":1,"72":1,"73":1,"74":1,"75":1,"76":1,"77":1,"78":1,"79":1,"80":1,"81":1,"82":1,"83":1,"84":1,"85":1,"86":1,"87":1,"88":1,"89":1,"90":1,"91":1,"92":1,"93":1,"94":1,"95":1,"96":1,"97":1,"98":1,"99":1,"100":1,"101":1,"102":1,"103":1,"104":1,"105":1,"106":1,"107":1,"108":1,"109":1,"110":1,"111":1,"112":1,"113":1,"114":1,"115":1,"116":1,"117":0,"118":0,"119":0,"120":0,"121":0,"122":1,"123":0,"124":0,"125":0,"126":0,"127":0,"128":0,"129":0,"130":0,"131":0,"132":1,"133":0,"134":0,"135":0,"136":0,"137":0,"138":0,"139":0,"140":0,"141":1,"142":0,"143":0,"144":0,"145":0,"146":0,"147":0,"148":1,"149":0,"150":0,"151":0,"152":0,"153":0,"154":0,"155":0,"156":0,"157":0,"158":0,"159":0,"160":1,"161":0,"162":0,"163":0,"164":0,"165":0,"166":0,"167":0,"168":0,"169":1,"170":0,"171":0,"172":0,"173":0,"174":0,"175":0,"176":0,"177":0,"178":0,"179":0,"180":0,"181":0,"182":1,"183":0,"184":0,"185":0,"186":0,"187":0,"188":0,"189":0,"190":0,"191":0,"192":0,"193":0,"194":0,"195":0,"196":0,"197":0,"198":0,"199":0,"200":0,"201":0,"202":1,"203":0,"204":0,"205":0,"206":0,"207":0,"208":0,"209":0,"210":0,"211":0,"212":0,"213":0,"214":0,"215":1,"216":0,"217":0,"218":0,"219":0,"220":0,"221":0,"222":0,"223":0,"224":0,"225":0,"226":0,"227":0,"228":0,"229":0,"230":0,"231":0,"232":0,"233":0,"234":0,"235":0,"236":0,"237":0,"238":0,"239":0,"240":0,"241":0,"242":0,"243":0,"244":0,"245":0,"246":0,"247":0,"248":0,"249":0,"250":0,"251":0,"252":0,"253":1,"254":0,"255":0,"256":0,"257":0,"258":0,"259":0,"260":0,"261":0,"262":0,"263":0,"264":0,"265":0,"266":0,"267":0,"268":1,"269":0,"270":0,"271":0,"272":0,"273":0,"274":0,"275":0,"276":0,"277":0,"278":0,"279":0,"280":1,"281":0,"282":0,"283":1,"284":0,"285":0,"286":1,"287":0,"288":0,"289":1,"290":0,"291":0,"292":1,"293":0,"294":0,"295":1,"296":0,"297":0,"298":0,"299":0,"300":0,"301":0,"302":0,"303":0,"304":1,"305":0,"306":0,"307":0,"308":0,"309":0,"310":1,"311":0,"312":0,"313":0,"314":0,"315":0,"316":1,"317":0,"318":0,"319":0,"320":0,"321":0,"322":0,"323":1,"324":0,"325":0,"326":0,"327":0,"328":0,"329":0,"330":0,"331":0,"332":0,"333":0,"334":0,"335":1,"336":0,"337":0,"338":0,"339":0,"340":0,"341":0,"342":1,"343":0,"344":0,"345":0,"346":0,"347":1,"348":0,"349":0,"350":0,"351":0,"352":0,"353":0,"354":0,"355":0,"356":0,"357":0,"358":0,"359":0,"360":0,"361":0,"362":0,"363":0,"364":0,"365":0,"366":0,"367":0,"368":0,"369":0,"370":0,"371":0,"372":0,"373":0,"374":0,"375":0,"376":1,"377":0,"378":0,"379":0,"380":0,"381":1,"382":0,"383":0,"384":0,"385":0,"386":0,"387":0,"388":0,"389":0,"390":0,"391":0,"392":0,"393":0,"394":0,"395":0,"396":0,"397":0,"398":0,"399":0,"400":0,"401":0,"402":0,"403":0,"404":1,"405":0,"406":0,"407":0,"408":0,"409":1,"410":0,"411":0,"412":0,"413":0,"414":0,"415":0,"416":0,"417":0,"418":1,"419":0,"420":1,"421":0,"422":1,"423":0,"424":1,"425":0,"426":0,"427":0,"428":0,"429":0,"430":0,"431":0,"432":0,"433":0,"434":0,"435":0,"436":0,"437":0,"438":0,"439":0,"440":0,"441":0,"442":0,"443":0,"444":0,"445":0,"446":0,"447":0,"448":0,"449":1,"450":0,"451":0,"452":0,"453":0,"454":0,"455":0,"456":0,"457":0,"458":0,"459":1,"460":0,"461":0,"462":0,"463":0,"464":0,"465":0,"466":0,"467":0,"468":0,"469":0,"470":0,"471":0,"472":0,"473":0,"474":0,"475":0,"476":0,"477":0,"478":0,"479":0,"480":0,"481":0,"482":0,"483":0,"484":0,"485":0,"486":0,"487":0,"488":0,"489":0,"490":0,"491":0,"492":0,"493":0,"494":0,"495":0,"496":0,"497":0,"498":0,"499":0,"500":0,"501":0,"502":1,"503":1,"504":0,"505":0,"506":0,"507":0,"508":0,"509":0,"510":0,"511":0,"512":0,"513":0,"514":1,"515":0,"516":0,"517":0,"518":0,"519":0,"520":0,"521":0,"522":1,"523":0,"524":1,"525":0,"526":1,"527":0,"528":0,"529":0,"530":0,"531":1,"532":1,"533":0,"534":0,"535":1,"536":0,"537":0,"538":0,"539":0,"540":1,"541":0,"542":0,"543":0,"544":0,"545":0,"546":0,"547":0,"548":0,"549":0,"550":0,"551":0,"552":0,"553":0,"554":1,"555":0,"556":0,"557":0,"558":1,"559":1,"560":1,"561":0,"562":1,"563":0,"564":0,"565":0,"566":0},"b":{"1":[1,0],"2":[1,0],"3":[0,0],"4":[41,28],"5":[28,13],"6":[2,26],"7":[28,2],"8":[12,16],"9":[28,12],"10":[0,28],"11":[28,0],"12":[99,0],"13":[98,1],"14":[3,0],"15":[0,0],"16":[0,0],"17":[0,0],"18":[0,0],"19":[0,0],"20":[0,0],"21":[0,0],"22":[0,0],"23":[0,0],"24":[0,0],"25":[0,0],"26":[0,0],"27":[0,0],"28":[0,0],"29":[0,0],"30":[0,0],"31":[0,0],"32":[0,0],"33":[0,0],"34":[0,0],"35":[0,0],"36":[0,0],"37":[0,0],"38":[0,0],"39":[0,0,0],"40":[0,0],"41":[0,0],"42":[0,0],"43":[0,0],"44":[0,0],"45":[0,0],"46":[0,0],"47":[0,0],"48":[0,0],"49":[0,0],"50":[0,0],"51":[0,0],"52":[0,0],"53":[0,0],"54":[0,0],"55":[0,0],"56":[0,0],"57":[0,0],"58":[0,0],"59":[0,0],"60":[0,0],"61":[0,0],"62":[0,0],"63":[0,0],"64":[0,0],"65":[0,0],"66":[0,0],"67":[0,0],"68":[0,0],"69":[0,0],"70":[0,0],"71":[0,0],"72":[0,0],"73":[0,0],"74":[0,0],"75":[0,0],"76":[0,0],"77":[0,0],"78":[0,0],"79":[0,0],"80":[0,0],"81":[0,0],"82":[0,0],"83":[0,0],"84":[0,0],"85":[0,0],"86":[0,0],"87":[0,0],"88":[0,0],"89":[0,0],"90":[0,0],"91":[0,0],"92":[0,0],"93":[0,0,0],"94":[0,0],"95":[0,0],"96":[0,0],"97":[0,0],"98":[0,0],"99":[0,0],"100":[0,0],"101":[0,0],"102":[0,0],"103":[0,0],"104":[0,0],"105":[0,0],"106":[0,0],"107":[0,0],"108":[0,0],"109":[0,0],"110":[0,0],"111":[0,0],"112":[0,0,0],"113":[0,0],"114":[0,0],"115":[0,0],"116":[0,0],"117":[0,0],"118":[0,0],"119":[0,0],"120":[0,0],"121":[0,0],"122":[0,0],"123":[0,0],"124":[0,0],"125":[0,0],"126":[0,0],"127":[0,0],"128":[0,0],"129":[0,0],"130":[0,0],"131":[0,0],"132":[0,0],"133":[0,0],"134":[0,0],"135":[0,0],"136":[0,0],"137":[0,0],"138":[0,0,0],"139":[0,0],"140":[0,0],"141":[0,0],"142":[0,0],"143":[0,0],"144":[0,0],"145":[0,0],"146":[0,0],"147":[0,0,0,0,0,0],"148":[0,0,0,0],"149":[0,0],"150":[0,0,0],"151":[0,0,0],"152":[1,0],"153":[1,1],"154":[0,1],"155":[1,0],"156":[0,1],"157":[0,0]},"f":{"1":1,"2":0,"3":0,"4":41,"5":99,"6":1,"7":3,"8":0,"9":0,"10":0,"11":0,"12":0,"13":0,"14":0,"15":0,"16":0,"17":0,"18":0,"19":0,"20":0,"21":0,"22":0,"23":0,"24":0,"25":0,"26":0,"27":0,"28":0,"29":0,"30":0,"31":0,"32":0,"33":0,"34":0,"35":0,"36":0,"37":0,"38":0,"39":0,"40":0,"41":0,"42":0,"43":0,"44":0,"45":0,"46":0,"47":0,"48":0,"49":0,"50":0,"51":0,"52":0,"53":0,"54":0,"55":0,"56":0,"57":0,"58":0,"59":0},"fnMap":{"1":{"name":"(anonymous_1)","line":1,"loc":{"start":{"line":1,"column":1},"end":{"line":1,"column":12}}},"2":{"name":"(anonymous_2)","line":18,"loc":{"start":{"line":18,"column":25},"end":{"line":18,"column":40}}},"3":{"name":"(anonymous_3)","line":19,"loc":{"start":{"line":19,"column":44},"end":{"line":19,"column":64}}},"4":{"name":"regexSupplant","line":25,"loc":{"start":{"line":25,"column":2},"end":{"line":25,"column":39}}},"5":{"name":"(anonymous_5)","line":41,"loc":{"start":{"line":41,"column":51},"end":{"line":41,"column":73}}},"6":{"name":"stringSupplant","line":53,"loc":{"start":{"line":53,"column":2},"end":{"line":53,"column":39}}},"7":{"name":"(anonymous_7)","line":54,"loc":{"start":{"line":54,"column":38},"end":{"line":54,"column":60}}},"8":{"name":"clone","line":386,"loc":{"start":{"line":386,"column":2},"end":{"line":386,"column":20}}},"9":{"name":"(anonymous_9)","line":397,"loc":{"start":{"line":397,"column":23},"end":{"line":397,"column":44}}},"10":{"name":"(anonymous_10)","line":410,"loc":{"start":{"line":410,"column":25},"end":{"line":410,"column":69}}},"11":{"name":"(anonymous_11)","line":429,"loc":{"start":{"line":429,"column":35},"end":{"line":429,"column":87}}},"12":{"name":"(anonymous_12)","line":441,"loc":{"start":{"line":441,"column":28},"end":{"line":441,"column":60}}},"13":{"name":"(anonymous_13)","line":458,"loc":{"start":{"line":458,"column":28},"end":{"line":458,"column":60}}},"14":{"name":"(anonymous_14)","line":471,"loc":{"start":{"line":471,"column":35},"end":{"line":471,"column":67}}},"15":{"name":"(anonymous_15)","line":489,"loc":{"start":{"line":489,"column":24},"end":{"line":489,"column":56}}},"16":{"name":"(anonymous_16)","line":530,"loc":{"start":{"line":530,"column":33},"end":{"line":530,"column":60}}},"17":{"name":"(anonymous_17)","line":599,"loc":{"start":{"line":599,"column":31},"end":{"line":599,"column":65}}},"18":{"name":"(anonymous_18)","line":627,"loc":{"start":{"line":627,"column":18},"end":{"line":627,"column":31}}},"19":{"name":"(anonymous_19)","line":629,"loc":{"start":{"line":629,"column":75},"end":{"line":629,"column":90}}},"20":{"name":"(anonymous_20)","line":652,"loc":{"start":{"line":652,"column":31},"end":{"line":652,"column":61}}},"21":{"name":"(anonymous_21)","line":687,"loc":{"start":{"line":687,"column":42},"end":{"line":687,"column":60}}},"22":{"name":"(anonymous_22)","line":701,"loc":{"start":{"line":701,"column":23},"end":{"line":701,"column":47}}},"23":{"name":"(anonymous_23)","line":706,"loc":{"start":{"line":706,"column":39},"end":{"line":706,"column":63}}},"24":{"name":"(anonymous_24)","line":711,"loc":{"start":{"line":711,"column":31},"end":{"line":711,"column":55}}},"25":{"name":"(anonymous_25)","line":716,"loc":{"start":{"line":716,"column":31},"end":{"line":716,"column":55}}},"26":{"name":"(anonymous_26)","line":721,"loc":{"start":{"line":721,"column":33},"end":{"line":721,"column":57}}},"27":{"name":"(anonymous_27)","line":726,"loc":{"start":{"line":726,"column":40},"end":{"line":726,"column":59}}},"28":{"name":"(anonymous_28)","line":727,"loc":{"start":{"line":727,"column":18},"end":{"line":727,"column":31}}},"29":{"name":"(anonymous_29)","line":740,"loc":{"start":{"line":740,"column":41},"end":{"line":740,"column":65}}},"30":{"name":"(anonymous_30)","line":754,"loc":{"start":{"line":754,"column":30},"end":{"line":754,"column":45}}},"31":{"name":"(anonymous_31)","line":766,"loc":{"start":{"line":766,"column":41},"end":{"line":766,"column":56}}},"32":{"name":"(anonymous_32)","line":788,"loc":{"start":{"line":788,"column":48},"end":{"line":788,"column":63}}},"33":{"name":"(anonymous_33)","line":796,"loc":{"start":{"line":796,"column":55},"end":{"line":796,"column":129}}},"34":{"name":"(anonymous_34)","line":814,"loc":{"start":{"line":814,"column":29},"end":{"line":814,"column":44}}},"35":{"name":"(anonymous_35)","line":828,"loc":{"start":{"line":828,"column":26},"end":{"line":828,"column":50}}},"36":{"name":"(anonymous_36)","line":839,"loc":{"start":{"line":839,"column":37},"end":{"line":839,"column":61}}},"37":{"name":"(anonymous_37)","line":863,"loc":{"start":{"line":863,"column":59},"end":{"line":863,"column":81}}},"38":{"name":"(anonymous_38)","line":903,"loc":{"start":{"line":903,"column":30},"end":{"line":903,"column":45}}},"39":{"name":"(anonymous_39)","line":914,"loc":{"start":{"line":914,"column":41},"end":{"line":914,"column":65}}},"40":{"name":"(anonymous_40)","line":925,"loc":{"start":{"line":925,"column":49},"end":{"line":925,"column":104}}},"41":{"name":"(anonymous_41)","line":957,"loc":{"start":{"line":957,"column":30},"end":{"line":957,"column":45}}},"42":{"name":"(anonymous_42)","line":968,"loc":{"start":{"line":968,"column":41},"end":{"line":968,"column":56}}},"43":{"name":"(anonymous_43)","line":975,"loc":{"start":{"line":975,"column":49},"end":{"line":975,"column":105}}},"44":{"name":"(anonymous_44)","line":987,"loc":{"start":{"line":987,"column":46},"end":{"line":987,"column":71}}},"45":{"name":"(anonymous_45)","line":991,"loc":{"start":{"line":991,"column":46},"end":{"line":991,"column":71}}},"46":{"name":"(anonymous_46)","line":995,"loc":{"start":{"line":995,"column":35},"end":{"line":995,"column":50}}},"47":{"name":"(anonymous_47)","line":999,"loc":{"start":{"line":999,"column":36},"end":{"line":999,"column":77}}},"48":{"name":"(anonymous_48)","line":1008,"loc":{"start":{"line":1008,"column":18},"end":{"line":1008,"column":31}}},"49":{"name":"(anonymous_49)","line":1044,"loc":{"start":{"line":1044,"column":24},"end":{"line":1044,"column":39}}},"50":{"name":"(anonymous_50)","line":1065,"loc":{"start":{"line":1065,"column":27},"end":{"line":1065,"column":57}}},"51":{"name":"(anonymous_51)","line":1155,"loc":{"start":{"line":1155,"column":29},"end":{"line":1155,"column":53}}},"52":{"name":"(anonymous_52)","line":1193,"loc":{"start":{"line":1193,"column":29},"end":{"line":1193,"column":44}}},"53":{"name":"(anonymous_53)","line":1210,"loc":{"start":{"line":1210,"column":35},"end":{"line":1210,"column":50}}},"54":{"name":"(anonymous_54)","line":1214,"loc":{"start":{"line":1214,"column":31},"end":{"line":1214,"column":46}}},"55":{"name":"(anonymous_55)","line":1218,"loc":{"start":{"line":1218,"column":30},"end":{"line":1218,"column":49}}},"56":{"name":"(anonymous_56)","line":1231,"loc":{"start":{"line":1231,"column":26},"end":{"line":1231,"column":49}}},"57":{"name":"(anonymous_57)","line":1238,"loc":{"start":{"line":1238,"column":29},"end":{"line":1238,"column":47}}},"58":{"name":"(anonymous_58)","line":1249,"loc":{"start":{"line":1249,"column":25},"end":{"line":1249,"column":72}}},"59":{"name":"isValidMatch","line":1287,"loc":{"start":{"line":1287,"column":2},"end":{"line":1287,"column":49}}}},"statementMap":{"1":{"start":{"line":1,"column":0},"end":{"line":1315,"column":5}},"2":{"start":{"line":2,"column":2},"end":{"line":4,"column":3}},"3":{"start":{"line":3,"column":4},"end":{"line":3,"column":19}},"4":{"start":{"line":6,"column":2},"end":{"line":6,"column":17}},"5":{"start":{"line":7,"column":2},"end":{"line":7,"column":25}},"6":{"start":{"line":9,"column":2},"end":{"line":15,"column":4}},"7":{"start":{"line":18,"column":2},"end":{"line":22,"column":4}},"8":{"start":{"line":19,"column":4},"end":{"line":21,"column":7}},"9":{"start":{"line":20,"column":6},"end":{"line":20,"column":38}},"10":{"start":{"line":25,"column":2},"end":{"line":48,"column":3}},"11":{"start":{"line":26,"column":4},"end":{"line":26,"column":24}},"12":{"start":{"line":27,"column":4},"end":{"line":39,"column":5}},"13":{"start":{"line":28,"column":6},"end":{"line":30,"column":7}},"14":{"start":{"line":29,"column":8},"end":{"line":29,"column":21}},"15":{"start":{"line":31,"column":6},"end":{"line":33,"column":7}},"16":{"start":{"line":32,"column":8},"end":{"line":32,"column":21}},"17":{"start":{"line":34,"column":6},"end":{"line":36,"column":7}},"18":{"start":{"line":35,"column":8},"end":{"line":35,"column":21}},"19":{"start":{"line":38,"column":6},"end":{"line":38,"column":27}},"20":{"start":{"line":41,"column":4},"end":{"line":47,"column":15}},"21":{"start":{"line":42,"column":6},"end":{"line":42,"column":51}},"22":{"start":{"line":43,"column":6},"end":{"line":45,"column":7}},"23":{"start":{"line":44,"column":8},"end":{"line":44,"column":35}},"24":{"start":{"line":46,"column":6},"end":{"line":46,"column":22}},"25":{"start":{"line":50,"column":2},"end":{"line":50,"column":42}},"26":{"start":{"line":53,"column":2},"end":{"line":57,"column":3}},"27":{"start":{"line":54,"column":4},"end":{"line":56,"column":7}},"28":{"start":{"line":55,"column":6},"end":{"line":55,"column":32}},"29":{"start":{"line":59,"column":2},"end":{"line":59,"column":44}},"30":{"start":{"line":61,"column":2},"end":{"line":61,"column":114}},"31":{"start":{"line":62,"column":2},"end":{"line":62,"column":64}},"32":{"start":{"line":63,"column":2},"end":{"line":63,"column":76}},"33":{"start":{"line":64,"column":2},"end":{"line":64,"column":78}},"34":{"start":{"line":65,"column":2},"end":{"line":65,"column":75}},"35":{"start":{"line":66,"column":2},"end":{"line":66,"column":100}},"36":{"start":{"line":67,"column":2},"end":{"line":67,"column":76}},"37":{"start":{"line":69,"column":2},"end":{"line":69,"column":186}},"38":{"start":{"line":72,"column":2},"end":{"line":72,"column":4867}},"39":{"start":{"line":73,"column":2},"end":{"line":73,"column":3401}},"40":{"start":{"line":76,"column":2},"end":{"line":76,"column":508}},"41":{"start":{"line":77,"column":2},"end":{"line":77,"column":262}},"42":{"start":{"line":79,"column":2},"end":{"line":79,"column":140}},"43":{"start":{"line":82,"column":2},"end":{"line":82,"column":39}},"44":{"start":{"line":83,"column":2},"end":{"line":83,"column":132}},"45":{"start":{"line":84,"column":2},"end":{"line":84,"column":193}},"46":{"start":{"line":85,"column":2},"end":{"line":85,"column":79}},"47":{"start":{"line":86,"column":2},"end":{"line":86,"column":86}},"48":{"start":{"line":87,"column":2},"end":{"line":87,"column":104}},"49":{"start":{"line":88,"column":2},"end":{"line":88,"column":169}},"50":{"start":{"line":91,"column":2},"end":{"line":91,"column":120}},"51":{"start":{"line":92,"column":2},"end":{"line":92,"column":37}},"52":{"start":{"line":93,"column":2},"end":{"line":98,"column":9}},"53":{"start":{"line":99,"column":2},"end":{"line":99,"column":96}},"54":{"start":{"line":100,"column":2},"end":{"line":100,"column":99}},"55":{"start":{"line":103,"column":2},"end":{"line":103,"column":108}},"56":{"start":{"line":104,"column":2},"end":{"line":104,"column":73}},"57":{"start":{"line":105,"column":2},"end":{"line":105,"column":124}},"58":{"start":{"line":106,"column":2},"end":{"line":106,"column":81}},"59":{"start":{"line":107,"column":2},"end":{"line":107,"column":133}},"60":{"start":{"line":108,"column":2},"end":{"line":108,"column":131}},"61":{"start":{"line":109,"column":2},"end":{"line":199,"column":26}},"62":{"start":{"line":200,"column":2},"end":{"line":213,"column":26}},"63":{"start":{"line":214,"column":2},"end":{"line":214,"column":56}},"64":{"start":{"line":215,"column":2},"end":{"line":215,"column":75}},"65":{"start":{"line":216,"column":2},"end":{"line":216,"column":139}},"66":{"start":{"line":217,"column":2},"end":{"line":217,"column":147}},"67":{"start":{"line":218,"column":2},"end":{"line":218,"column":93}},"68":{"start":{"line":219,"column":2},"end":{"line":219,"column":105}},"69":{"start":{"line":220,"column":2},"end":{"line":220,"column":47}},"70":{"start":{"line":221,"column":2},"end":{"line":221,"column":62}},"71":{"start":{"line":222,"column":2},"end":{"line":222,"column":149}},"72":{"start":{"line":227,"column":2},"end":{"line":242,"column":9}},"73":{"start":{"line":245,"column":2},"end":{"line":245,"column":157}},"74":{"start":{"line":247,"column":2},"end":{"line":253,"column":14}},"75":{"start":{"line":255,"column":2},"end":{"line":255,"column":87}},"76":{"start":{"line":256,"column":2},"end":{"line":256,"column":65}},"77":{"start":{"line":257,"column":2},"end":{"line":268,"column":10}},"78":{"start":{"line":270,"column":2},"end":{"line":270,"column":66}},"79":{"start":{"line":271,"column":2},"end":{"line":271,"column":53}},"80":{"start":{"line":272,"column":2},"end":{"line":272,"column":49}},"81":{"start":{"line":275,"column":2},"end":{"line":275,"column":63}},"82":{"start":{"line":276,"column":2},"end":{"line":276,"column":109}},"83":{"start":{"line":279,"column":2},"end":{"line":279,"column":74}},"84":{"start":{"line":280,"column":2},"end":{"line":280,"column":64}},"85":{"start":{"line":281,"column":2},"end":{"line":281,"column":60}},"86":{"start":{"line":282,"column":2},"end":{"line":287,"column":12}},"87":{"start":{"line":289,"column":2},"end":{"line":289,"column":66}},"88":{"start":{"line":290,"column":2},"end":{"line":295,"column":13}},"89":{"start":{"line":297,"column":2},"end":{"line":297,"column":112}},"90":{"start":{"line":298,"column":2},"end":{"line":298,"column":114}},"91":{"start":{"line":301,"column":2},"end":{"line":301,"column":62}},"92":{"start":{"line":304,"column":2},"end":{"line":307,"column":12}},"93":{"start":{"line":310,"column":2},"end":{"line":310,"column":91}},"94":{"start":{"line":311,"column":2},"end":{"line":311,"column":87}},"95":{"start":{"line":312,"column":2},"end":{"line":312,"column":80}},"96":{"start":{"line":313,"column":2},"end":{"line":313,"column":156}},"97":{"start":{"line":315,"column":2},"end":{"line":318,"column":12}},"98":{"start":{"line":321,"column":2},"end":{"line":321,"column":161}},"99":{"start":{"line":322,"column":2},"end":{"line":322,"column":157}},"100":{"start":{"line":323,"column":2},"end":{"line":323,"column":150}},"101":{"start":{"line":324,"column":2},"end":{"line":324,"column":184}},"102":{"start":{"line":326,"column":2},"end":{"line":329,"column":12}},"103":{"start":{"line":331,"column":2},"end":{"line":331,"column":51}},"104":{"start":{"line":333,"column":2},"end":{"line":337,"column":9}},"105":{"start":{"line":339,"column":2},"end":{"line":343,"column":9}},"106":{"start":{"line":345,"column":2},"end":{"line":345,"column":82}},"107":{"start":{"line":346,"column":2},"end":{"line":346,"column":86}},"108":{"start":{"line":347,"column":2},"end":{"line":347,"column":89}},"109":{"start":{"line":350,"column":2},"end":{"line":363,"column":9}},"110":{"start":{"line":367,"column":2},"end":{"line":367,"column":49}},"111":{"start":{"line":369,"column":2},"end":{"line":369,"column":52}},"112":{"start":{"line":371,"column":2},"end":{"line":371,"column":50}},"113":{"start":{"line":373,"column":2},"end":{"line":373,"column":50}},"114":{"start":{"line":375,"column":2},"end":{"line":381,"column":30}},"115":{"start":{"line":383,"column":2},"end":{"line":383,"column":95}},"116":{"start":{"line":386,"column":2},"end":{"line":395,"column":3}},"117":{"start":{"line":387,"column":4},"end":{"line":387,"column":15}},"118":{"start":{"line":388,"column":4},"end":{"line":392,"column":5}},"119":{"start":{"line":389,"column":6},"end":{"line":391,"column":7}},"120":{"start":{"line":390,"column":8},"end":{"line":390,"column":20}},"121":{"start":{"line":394,"column":4},"end":{"line":394,"column":13}},"122":{"start":{"line":397,"column":2},"end":{"line":408,"column":4}},"123":{"start":{"line":398,"column":4},"end":{"line":398,"column":23}},"124":{"start":{"line":399,"column":4},"end":{"line":406,"column":5}},"125":{"start":{"line":400,"column":6},"end":{"line":400,"column":28}},"126":{"start":{"line":401,"column":6},"end":{"line":403,"column":7}},"127":{"start":{"line":402,"column":8},"end":{"line":402,"column":25}},"128":{"start":{"line":404,"column":6},"end":{"line":404,"column":30}},"129":{"start":{"line":404,"column":21},"end":{"line":404,"column":30}},"130":{"start":{"line":405,"column":6},"end":{"line":405,"column":101}},"131":{"start":{"line":407,"column":4},"end":{"line":407,"column":21}},"132":{"start":{"line":410,"column":2},"end":{"line":427,"column":4}},"133":{"start":{"line":411,"column":4},"end":{"line":413,"column":5}},"134":{"start":{"line":412,"column":6},"end":{"line":412,"column":34}},"135":{"start":{"line":415,"column":4},"end":{"line":417,"column":5}},"136":{"start":{"line":416,"column":6},"end":{"line":416,"column":53}},"137":{"start":{"line":419,"column":4},"end":{"line":421,"column":5}},"138":{"start":{"line":420,"column":6},"end":{"line":420,"column":49}},"139":{"start":{"line":422,"column":4},"end":{"line":425,"column":6}},"140":{"start":{"line":426,"column":4},"end":{"line":426,"column":54}},"141":{"start":{"line":429,"column":2},"end":{"line":439,"column":4}},"142":{"start":{"line":430,"column":4},"end":{"line":430,"column":123}},"143":{"start":{"line":431,"column":4},"end":{"line":431,"column":38}},"144":{"start":{"line":432,"column":4},"end":{"line":432,"column":141}},"145":{"start":{"line":434,"column":4},"end":{"line":438,"column":5}},"146":{"start":{"line":435,"column":6},"end":{"line":435,"column":90}},"147":{"start":{"line":437,"column":6},"end":{"line":437,"column":90}},"148":{"start":{"line":441,"column":2},"end":{"line":456,"column":4}},"149":{"start":{"line":442,"column":4},"end":{"line":442,"column":72}},"150":{"start":{"line":443,"column":4},"end":{"line":443,"column":55}},"151":{"start":{"line":444,"column":4},"end":{"line":444,"column":47}},"152":{"start":{"line":445,"column":4},"end":{"line":445,"column":50}},"153":{"start":{"line":446,"column":4},"end":{"line":446,"column":32}},"154":{"start":{"line":447,"column":4},"end":{"line":447,"column":42}},"155":{"start":{"line":448,"column":4},"end":{"line":450,"column":5}},"156":{"start":{"line":449,"column":6},"end":{"line":449,"column":31}},"157":{"start":{"line":451,"column":4},"end":{"line":453,"column":5}},"158":{"start":{"line":452,"column":6},"end":{"line":452,"column":30}},"159":{"start":{"line":455,"column":4},"end":{"line":455,"column":81}},"160":{"start":{"line":458,"column":2},"end":{"line":469,"column":4}},"161":{"start":{"line":459,"column":4},"end":{"line":459,"column":55}},"162":{"start":{"line":460,"column":4},"end":{"line":460,"column":47}},"163":{"start":{"line":461,"column":4},"end":{"line":461,"column":50}},"164":{"start":{"line":462,"column":4},"end":{"line":462,"column":32}},"165":{"start":{"line":463,"column":4},"end":{"line":463,"column":43}},"166":{"start":{"line":464,"column":4},"end":{"line":466,"column":5}},"167":{"start":{"line":465,"column":6},"end":{"line":465,"column":30}},"168":{"start":{"line":468,"column":4},"end":{"line":468,"column":80}},"169":{"start":{"line":471,"column":2},"end":{"line":487,"column":4}},"170":{"start":{"line":472,"column":4},"end":{"line":472,"column":70}},"171":{"start":{"line":473,"column":4},"end":{"line":473,"column":55}},"172":{"start":{"line":474,"column":4},"end":{"line":474,"column":62}},"173":{"start":{"line":475,"column":4},"end":{"line":475,"column":59}},"174":{"start":{"line":476,"column":4},"end":{"line":476,"column":47}},"175":{"start":{"line":477,"column":4},"end":{"line":477,"column":74}},"176":{"start":{"line":478,"column":4},"end":{"line":478,"column":102}},"177":{"start":{"line":479,"column":4},"end":{"line":481,"column":5}},"178":{"start":{"line":480,"column":6},"end":{"line":480,"column":39}},"179":{"start":{"line":482,"column":4},"end":{"line":484,"column":5}},"180":{"start":{"line":483,"column":6},"end":{"line":483,"column":30}},"181":{"start":{"line":486,"column":4},"end":{"line":486,"column":108}},"182":{"start":{"line":489,"column":2},"end":{"line":528,"column":4}},"183":{"start":{"line":490,"column":4},"end":{"line":490,"column":25}},"184":{"start":{"line":491,"column":4},"end":{"line":491,"column":25}},"185":{"start":{"line":492,"column":4},"end":{"line":492,"column":52}},"186":{"start":{"line":497,"column":4},"end":{"line":497,"column":80}},"187":{"start":{"line":498,"column":4},"end":{"line":500,"column":5}},"188":{"start":{"line":499,"column":6},"end":{"line":499,"column":66}},"189":{"start":{"line":502,"column":4},"end":{"line":502,"column":47}},"190":{"start":{"line":504,"column":4},"end":{"line":506,"column":5}},"191":{"start":{"line":505,"column":6},"end":{"line":505,"column":28}},"192":{"start":{"line":507,"column":4},"end":{"line":507,"column":21}},"193":{"start":{"line":509,"column":4},"end":{"line":511,"column":5}},"194":{"start":{"line":510,"column":6},"end":{"line":510,"column":30}},"195":{"start":{"line":514,"column":4},"end":{"line":516,"column":5}},"196":{"start":{"line":515,"column":6},"end":{"line":515,"column":40}},"197":{"start":{"line":519,"column":4},"end":{"line":521,"column":5}},"198":{"start":{"line":520,"column":6},"end":{"line":520,"column":39}},"199":{"start":{"line":523,"column":4},"end":{"line":525,"column":5}},"200":{"start":{"line":524,"column":6},"end":{"line":524,"column":43}},"201":{"start":{"line":527,"column":4},"end":{"line":527,"column":66}},"202":{"start":{"line":530,"column":2},"end":{"line":597,"column":4}},"203":{"start":{"line":531,"column":4},"end":{"line":531,"column":40}},"204":{"start":{"line":532,"column":4},"end":{"line":532,"column":42}},"205":{"start":{"line":550,"column":4},"end":{"line":550,"column":62}},"206":{"start":{"line":555,"column":4},"end":{"line":595,"column":5}},"207":{"start":{"line":556,"column":6},"end":{"line":556,"column":72}},"208":{"start":{"line":557,"column":6},"end":{"line":565,"column":8}},"209":{"start":{"line":566,"column":6},"end":{"line":570,"column":7}},"210":{"start":{"line":567,"column":8},"end":{"line":569,"column":9}},"211":{"start":{"line":568,"column":10},"end":{"line":568,"column":44}},"212":{"start":{"line":593,"column":6},"end":{"line":593,"column":49}},"213":{"start":{"line":594,"column":6},"end":{"line":594,"column":357}},"214":{"start":{"line":596,"column":4},"end":{"line":596,"column":22}},"215":{"start":{"line":599,"column":2},"end":{"line":650,"column":4}},"216":{"start":{"line":600,"column":4},"end":{"line":600,"column":35}},"217":{"start":{"line":602,"column":4},"end":{"line":602,"column":73}},"218":{"start":{"line":603,"column":4},"end":{"line":603,"column":93}},"219":{"start":{"line":604,"column":4},"end":{"line":604,"column":73}},"220":{"start":{"line":605,"column":4},"end":{"line":605,"column":93}},"221":{"start":{"line":606,"column":4},"end":{"line":606,"column":64}},"222":{"start":{"line":607,"column":4},"end":{"line":607,"column":76}},"223":{"start":{"line":608,"column":4},"end":{"line":608,"column":80}},"224":{"start":{"line":609,"column":4},"end":{"line":609,"column":72}},"225":{"start":{"line":610,"column":4},"end":{"line":610,"column":71}},"226":{"start":{"line":611,"column":4},"end":{"line":611,"column":103}},"227":{"start":{"line":614,"column":4},"end":{"line":614,"column":28}},"228":{"start":{"line":615,"column":4},"end":{"line":621,"column":5}},"229":{"start":{"line":616,"column":6},"end":{"line":616,"column":23}},"230":{"start":{"line":617,"column":6},"end":{"line":619,"column":7}},"231":{"start":{"line":618,"column":8},"end":{"line":618,"column":73}},"232":{"start":{"line":620,"column":6},"end":{"line":620,"column":40}},"233":{"start":{"line":623,"column":4},"end":{"line":623,"column":20}},"234":{"start":{"line":624,"column":4},"end":{"l
[...]
lsOnly;","  };","","  twttr.txt.extractUrlsWithIndices = function(text, options) {","    if (!options) {","      options = {extractUrlsWithoutProtocol: true};","    }","    if (!text || (options.extractUrlsWithoutProtocol ? !text.match(/\\./) : !text.match(/:/))) {","      return [];","    }","","    var urls = [];","","    while (twttr.txt.regexen.extractUrl.exec(text)) {","      var before = RegExp.$2, url = RegExp.$3, protocol = RegExp.$4, domain = RegExp.$5, path = RegExp.$7;","      var endPosition = twttr.txt.regexen.extractUrl.lastIndex,","          startPosition = endPosition - url.length;","","      // if protocol is missing and domain contains non-ASCII characters,","      // extract ASCII-only domains.","      if (!protocol) {","        if (!options.extractUrlsWithoutProtocol","            || before.match(twttr.txt.regexen.invalidUrlWithoutProtocolPrecedingChars)) {","          continue;","        }","        var lastUrl = null,","            asciiEndPosition = 0;","        domain.replace(twttr.txt.regexen.validAsciiDomain, function(asciiDomain) {","          var asciiStartPosition = domain.indexOf(asciiDomain, asciiEndPosition);","          asciiEndPosition = asciiStartPosition + asciiDomain.length;","          lastUrl = {","            url: asciiDomain,","            indices: [startPosition + asciiStartPosition, startPosition + asciiEndPosition]","          };","          if (path","              || asciiDomain.match(twttr.txt.regexen.validSpecialShortDomain)","              || !asciiDomain.match(twttr.txt.regexen.invalidShortDomain)) {","            urls.push(lastUrl);","          }","        });","","        // no ASCII-only domain found. Skip the entire URL.","        if (lastUrl == null) {","          continue;","        }","","        // lastUrl only contains domain. Need to add path and query if they exist.","        if (path) {","          lastUrl.url = url.replace(domain, lastUrl.url);","          lastUrl.indices[1] = endPosition;","        }","      } else {","        // In the case of t.co URLs, don't allow additional path characters.","        if (url.match(twttr.txt.regexen.validTcoUrl)) {","          url = RegExp.lastMatch;","          endPosition = startPosition + url.length;","        }","        urls.push({","          url: url,","          indices: [startPosition, endPosition]","        });","      }","    }","","    return urls;","  };","","  twttr.txt.extractHashtags = function(text) {","    var hashtagsOnly = [],","        hashtagsWithIndices = twttr.txt.extractHashtagsWithIndices(text);","","    for (var i = 0; i < hashtagsWithIndices.length; i++) {","      hashtagsOnly.push(hashtagsWithIndices[i].hashtag);","    }","","    return hashtagsOnly;","  };","","  twttr.txt.extractHashtagsWithIndices = function(text, options) {","    if (!options) {","      options = {checkUrlOverlap: true};","    }","","    if (!text || !text.match(twttr.txt.regexen.hashSigns)) {","      return [];","    }","","    var tags = [];","","    text.replace(twttr.txt.regexen.validHashtag, function(match, before, hash, hashText, offset, chunk) {","      var after = chunk.slice(offset + match.length);","      if (after.match(twttr.txt.regexen.endHashtagMatch))","        return;","      var startPosition = offset + before.length;","      var endPosition = startPosition + hashText.length + 1;","      tags.push({","        hashtag: hashText,","        indices: [startPosition, endPosition]","      });","    });","","    if (options.checkUrlOverlap) {","      // also extract URL entities","      var urls = twttr.txt.extractUrlsWithIndices(text);","      if (urls.length > 0) {","        var entities = tags.concat(urls);","        // remove overlap","        twttr.txt.removeOverlappingEntities(entities);","        // only push back hashtags","        tags = [];","        for (var i = 0; i < entities.length; i++) {","          if (entities[i].hashtag) {","            tags.push(entities[i]);","          }","        }","      }","    }","","    return tags;","  };","","  twttr.txt.extractCashtags = function(text) {","    var cashtagsOnly = [],","        cashtagsWithIndices = twttr.txt.extractCashtagsWithIndices(text);","","    for (var i = 0; i < cashtagsWithIndices.length; i++) {","      cashtagsOnly.push(cashtagsWithIndices[i].cashtag);","    }","","    return cashtagsOnly;","  };","","  twttr.txt.extractCashtagsWithIndices = function(text) {","    if (!text || text.indexOf(\"$\") == -1) {","      return [];","    }","","    var tags = [];","","    text.replace(twttr.txt.regexen.validCashtag, function(match, before, dollar, cashtag, offset, chunk) {","      var startPosition = offset + before.length;","      var endPosition = startPosition + cashtag.length + 1;","      tags.push({","        cashtag: cashtag,","        indices: [startPosition, endPosition]","      });","    });","","    return tags;","  };","","  twttr.txt.modifyIndicesFromUnicodeToUTF16 = function(text, entities) {","    twttr.txt.convertUnicodeIndices(text, entities, false);","  };","","  twttr.txt.modifyIndicesFromUTF16ToUnicode = function(text, entities) {","    twttr.txt.convertUnicodeIndices(text, entities, true);","  };","","  twttr.txt.getUnicodeTextLength = function(text) {","    return text.replace(twttr.txt.regexen.non_bmp_code_pairs, ' ').length;","  };","","  twttr.txt.convertUnicodeIndices = function(text, entities, indicesInUTF16) {","    if (entities.length == 0) {","      return;","    }","","    var charIndex = 0;","    var codePointIndex = 0;","","    // sort entities by start index","    entities.sort(function(a,b){ return a.indices[0] - b.indices[0]; });","    var entityIndex = 0;","    var entity = entities[0];","","    while (charIndex < text.length) {","      if (entity.indices[0] == (indicesInUTF16 ? charIndex : codePointIndex)) {","        var len = entity.indices[1] - entity.indices[0];","        entity.indices[0] = indicesInUTF16 ? codePointIndex : charIndex;","        entity.indices[1] = entity.indices[0] + len;","","        entityIndex++;","        if (entityIndex == entities.length) {","          // no more entity","          break;","        }","        entity = entities[entityIndex];","      }","","      var c = text.charCodeAt(charIndex);","      if (0xD800 <= c && c <= 0xDBFF && charIndex < text.length - 1) {","        // Found high surrogate char","        c = text.charCodeAt(charIndex + 1);","        if (0xDC00 <= c && c <= 0xDFFF) {","          // Found surrogate pair","          charIndex++;","        }","      }","      codePointIndex++;","      charIndex++;","    }","  };","","  // this essentially does text.split(/<|>/)","  // except that won't work in IE, where empty strings are ommitted","  // so \"<>\".split(/<|>/) => [] in IE, but is [\"\", \"\", \"\"] in all others","  // but \"<<\".split(\"<\") => [\"\", \"\", \"\"]","  twttr.txt.splitTags = function(text) {","    var firstSplits = text.split(\"<\"),","        secondSplits,","        allSplits = [],","        split;","","    for (var i = 0; i < firstSplits.length; i += 1) {","      split = firstSplits[i];","      if (!split) {","        allSplits.push(\"\");","      } else {","        secondSplits = split.split(\">\");","        for (var j = 0; j < secondSplits.length; j += 1) {","          allSplits.push(secondSplits[j]);","        }","      }","    }","","    return allSplits;","  };","","  twttr.txt.hitHighlight = function(text, hits, options) {","    var defaultHighlightTag = \"em\";","","    hits = hits || [];","    options = options || {};","","    if (hits.length === 0) {","      return text;","    }","","    var tagName = options.tag || defaultHighlightTag,","        tags = [\"<\" + tagName + \">\", \"</\" + tagName + \">\"],","        chunks = twttr.txt.splitTags(text),","        i,","        j,","        result = \"\",","        chunkIndex = 0,","        chunk = chunks[0],","        prevChunksLen = 0,","        chunkCursor = 0,","        startInChunk = false,","        chunkChars = chunk,","        flatHits = [],","        index,","        hit,","        tag,","        placed,","        hitSpot;","","    for (i = 0; i < hits.length; i += 1) {","      for (j = 0; j < hits[i].length; j += 1) {","        flatHits.push(hits[i][j]);","      }","    }","","    for (index = 0; index < flatHits.length; index += 1) {","      hit = flatHits[index];","      tag = tags[index % 2];","      placed = false;","","      while (chunk != null && hit >= prevChunksLen + chunk.length) {","        result += chunkChars.slice(chunkCursor);","        if (startInChunk && hit === prevChunksLen + chunkChars.length) {","          result += tag;","          placed = true;","        }","","        if (chunks[chunkIndex + 1]) {","          result += \"<\" + chunks[chunkIndex + 1] + \">\";","        }","","        prevChunksLen += chunkChars.length;","        chunkCursor = 0;","        chunkIndex += 2;","        chunk = chunks[chunkIndex];","        chunkChars = chunk;","        startInChunk = false;","      }","","      if (!placed && chunk != null) {","        hitSpot = hit - prevChunksLen;","        result += chunkChars.slice(chunkCursor, hitSpot) + tag;","        chunkCursor = hitSpot;","        if (index % 2 === 0) {","          startInChunk = true;","        } else {","          startInChunk = false;","        }","      } else if(!placed) {","        placed = true;","        result += tag;","      }","    }","","    if (chunk != null) {","      if (chunkCursor < chunkChars.length) {","        result += chunkChars.slice(chunkCursor);","      }","      for (index = chunkIndex + 1; index < chunks.length; index += 1) {","        result += (index % 2 === 0 ? chunks[index] : \"<\" + chunks[index] + \">\");","      }","    }","","    return result;","  };","","  var MAX_LENGTH = 140;","","  // Returns the length of Tweet text with consideration to t.co URL replacement","  // and chars outside the basic multilingual plane that use 2 UTF16 code points","  twttr.txt.getTweetLength = function(text, options) {","    if (!options) {","      options = {","          // These come from https://api.twitter.com/1.1/help/configuration.json","          // described by https://dev.twitter.com/rest/reference/get/help/configuration","          short_url_length: 23,","          short_url_length_https: 23","      };","    }","    var textLength = twttr.txt.getUnicodeTextLength(text),","        urlsWithIndices = twttr.txt.extractUrlsWithIndices(text);","    twttr.txt.modifyIndicesFromUTF16ToUnicode(text, urlsWithIndices);","","    for (var i = 0; i < urlsWithIndices.length; i++) {","      // Subtract the length of the original URL","      textLength += urlsWithIndices[i].indices[0] - urlsWithIndices[i].indices[1];","","      // Add 23 characters for URL starting with https://","      // http:// URLs still use https://t.co so they are 23 characters as well","      if (urlsWithIndices[i].url.toLowerCase().match(twttr.txt.regexen.urlHasHttps)) {","         textLength += options.short_url_length_https;","      } else {","        textLength += options.short_url_length;","      }","    }","","    return textLength;","  };","","  // Check the text for any reason that it may not be valid as a Tweet. This is meant as a pre-validation","  // before posting to api.twitter.com. There are several server-side reasons for Tweets to fail but this pre-validation","  // will allow quicker feedback.","  //","  // Returns false if this text is valid. Otherwise one of the following strings will be returned:","  //","  //   \"too_long\": if the text is too long","  //   \"empty\": if the text is nil or empty","  //   \"invalid_characters\": if the text contains non-Unicode or any of the disallowed Unicode characters","  twttr.txt.isInvalidTweet = function(text) {","    if (!text) {","      return \"empty\";","    }","","    // Determine max length independent of URL length","    if (twttr.txt.getTweetLength(text) > MAX_LENGTH) {","      return \"too_long\";","    }","","    if (twttr.txt.hasInvalidCharacters(text)) {","      return \"invalid_characters\";","    }","","    return false;","  };","","  twttr.txt.hasInvalidCharacters = function(text) {","    return twttr.txt.regexen.invalid_chars.test(text);","  };","","  twttr.txt.isValidTweetText = function(text) {","    return !twttr.txt.isInvalidTweet(text);","  };","","  twttr.txt.isValidUsername = function(username) {","    if (!username) {","      return false;","    }","","    var extracted = twttr.txt.extractMentions(username);","","    // Should extract the username minus the @ sign, hence the .slice(1)","    return extracted.length === 1 && extracted[0] === username.slice(1);","  };","","  var VALID_LIST_RE = regexSupplant(/^#{validMentionOrList}$/);","","  twttr.txt.isValidList = function(usernameList) {","    var match = usernameList.match(VALID_LIST_RE);","","    // Must have matched and had nothing before or after","    return !!(match && match[1] == \"\" && match[4]);","  };","","  twttr.txt.isValidHashtag = function(hashtag) {","    if (!hashtag) {","      return false;","    }","","    var extracted = twttr.txt.extractHashtags(hashtag);","","    // Should extract the hashtag minus the # sign, hence the .slice(1)","    return extracted.length === 1 && extracted[0] === hashtag.slice(1);","  };","","  twttr.txt.isValidUrl = function(url, unicodeDomains, requireProtocol) {","    if (unicodeDomains == null) {","      unicodeDomains = true;","    }","","    if (requireProtocol == null) {","      requireProtocol = true;","    }","","    if (!url) {","      return false;","    }","","    var urlParts = url.match(twttr.txt.regexen.validateUrlUnencoded);","","    if (!urlParts || urlParts[0] !== url) {","      return false;","    }","","    var scheme = urlParts[1],","        authority = urlParts[2],","        path = urlParts[3],","        query = urlParts[4],","        fragment = urlParts[5];","","    if (!(","      (!requireProtocol || (isValidMatch(scheme, twttr.txt.regexen.validateUrlScheme) && scheme.match(/^https?$/i))) &&","      isValidMatch(path, twttr.txt.regexen.validateUrlPath) &&","      isValidMatch(query, twttr.txt.regexen.validateUrlQuery, true) &&","      isValidMatch(fragment, twttr.txt.regexen.validateUrlFragment, true)","    )) {","      return false;","    }","","    return (unicodeDomains && isValidMatch(authority, twttr.txt.regexen.validateUrlUnicodeAuthority)) ||","           (!unicodeDomains && isValidMatch(authority, twttr.txt.regexen.validateUrlAuthority));","  };","","  function isValidMatch(string, regex, optional) {","    if (!optional) {","      // RegExp[\"$&\"] is the text of the last match","      // blank strings are ok, but are falsy, so we check stringiness instead of truthiness","      return ((typeof string === \"string\") && string.match(regex) && RegExp[\"$&\"] === string);","    }","","    // RegExp[\"$&\"] is the text of the last match","    return (!string || (string.match(regex) && RegExp[\"$&\"] === string));","  }","","  if (typeof module != 'undefined' && module.exports) {","    module.exports = twttr.txt;","  }","","  if (typeof define == 'function' && define.amd) {","    define([], twttr.txt);","  }","","  if (typeof window != 'undefined') {","    if (window.twttr) {","      for (var prop in twttr) {","        window.twttr[prop] = twttr[prop];","      }","    } else {","      window.twttr = twttr;","    }","  }","})();",""],"l":{"1":1,"2":1,"3":1,"6":1,"7":1,"9":1,"18":1,"19":0,"20":0,"25":1,"26":41,"27":41,"28":28,"29":2,"31":28,"32":12,"34":28,"35":0,"38":28,"41":41,"42":99,"43":99,"44":98,"46":99,"50":1,"53":1,"54":1,"55":3,"59":1,"61":1,"62":1,"63":1,"64":1,"65":1,"66":1,"67":1,"69":1,"72":1,"73":1,"76":1,"77":1,"79":1,"82":1,"83":1,"84":1,"85":1,"86":1,"87":1,"88":1,"91":1,"92":1,"93":1,"99":1,"100":1,"103":1,"104":1,"105":1,"106":1,"107":1,"108":1,"109":1,"200":1,"214":1,"215":1,"216":1,"217":1,"218":1,"219":1,"220":1,"221":1,"222":1,"227":1,"245":1,"247":1,"255":1,"256":1,"257":1,"270":1,"271":1,"272":1,"275":1,"276":1,"279":1,"280":1,"281":1,"282":1,"289":1,"290":1,"297":1,"298":1,"301":1,"304":1,"310":1,"311":1,"312":1,"313":1,"315":1,"321":1,"322":1,"323":1,"324":1,"326":1,"331":1,"333":1,"339":1,"345":1,"346":1,"347":1,"350":1,"367":1,"369":1,"371":1,"373":1,"375":1,"383":1,"386":1,"387":0,"388":0,"389":0,"390":0,"394":0,"397":1,"398":0,"399":0,"400":0,"401":0,"402":0,"404":0,"405":0,"407":0,"410":1,"411":0,"412":0,"415":0,"416":0,"419":0,"420":0,"422":0,"426":0,"429":1,"430":0,"431":0,"432":0,"434":0,"435":0,"437":0,"441":1,"442":0,"443":0,"444":0,"445":0,"446":0,"447":0,"448":0,"449":0,"451":0,"452":0,"455":0,"458":1,"459":0,"460":0,"461":0,"462":0,"463":0,"464":0,"465":0,"468":0,"471":1,"472":0,"473":0,"474":0,"475":0,"476":0,"477":0,"478":0,"479":0,"480":0,"482":0,"483":0,"486":0,"489":1,"490":0,"491":0,"492":0,"497":0,"498":0,"499":0,"502":0,"504":0,"505":0,"507":0,"509":0,"510":0,"514":0,"515":0,"519":0,"520":0,"523":0,"524":0,"527":0,"530":1,"531":0,"532":0,"550":0,"555":0,"556":0,"557":0,"566":0,"567":0,"568":0,"593":0,"594":0,"596":0,"599":1,"600":0,"602":0,"603":0,"604":0,"605":0,"606":0,"607":0,"608":0,"609":0,"610":0,"611":0,"614":0,"615":0,"616":0,"617":0,"618":0,"620":0,"623":0,"624":0,"627":0,"629":0,"630":0,"633":0,"634":0,"635":0,"637":0,"638":0,"639":0,"640":0,"641":0,"642":0,"643":0,"644":0,"646":0,"648":0,"649":0,"652":1,"654":0,"655":0,"657":0,"661":0,"662":0,"664":0,"668":0,"669":0,"671":0,"676":0,"677":0,"678":0,"682":0,"684":0,"687":1,"688":0,"689":0,"690":0,"691":0,"692":0,"693":0,"695":0,"696":0,"698":0,"701":1,"702":0,"703":0,"706":1,"707":0,"708":0,"711":1,"712":0,"713":0,"716":1,"717":0,"718":0,"721":1,"722":0,"723":0,"726":1,"727":0,"729":0,"730":0,"731":0,"732":0,"733":0,"735":0,"740":1,"741":0,"746":0,"747":0,"750":0,"751":0,"754":1,"755":0,"758":0,"759":0,"760":0,"763":0,"766":1,"767":0,"771":0,"772":0,"773":0,"774":0,"781":0,"788":1,"789":0,"790":0,"793":0,"796":0,"797":0,"798":0,"799":0,"800":0,"801":0,"802":0,"810":0,"814":1,"815":0,"816":0,"819":0,"820":0,"822":0,"825":0,"828":1,"829":0,"832":0,"833":0,"836":0,"839":1,"840":0,"841":0,"843":0,"844":0,"847":0,"849":0,"850":0,"851":0,"856":0,"857":0,"859":0,"861":0,"863":0,"864":0,"865":0,"866":0,"870":0,"873":0,"878":0,"879":0,"883":0,"884":0,"885":0,"889":0,"890":0,"891":0,"893":0,"900":0,"903":1,"904":0,"907":0,"908":0,"911":0,"914":1,"915":0,"916":0,"919":0,"920":0,"923":0,"925":0,"926":0,"927":0,"928":0,"929":0,"930":0,"931":0,"937":0,"939":0,"940":0,"941":0,"943":0,"945":0,"946":0,"947":0,"948":0,"954":0,"957":1,"958":0,"961":0,"962":0,"965":0,"968":1,"969":0,"970":0,"973":0,"975":0,"976":0,"977":0,"978":0,"984":0,"987":1,"988":0,"991":1,"992":0,"995":1,"996":0,"999":1,"1000":0,"1001":0,"1004":0,"1005":0,"1008":0,"1009":0,"1010":0,"1012":0,"1013":0,"1014":0,"1015":0,"1016":0,"1018":0,"1019":0,"1021":0,"1023":0,"1026":0,"1027":0,"1029":0,"1030":0,"1032":0,"1035":0,"1036":0,"1044":1,"1045":0,"1050":0,"1051":0,"1052":0,"1053":0,"1055":0,"1056":0,"1057":0,"1062":0,"1065":1,"1066":0,"1068":0,"1069":0,"1071":0,"1072":0,"1075":0,"1094":0,"1095":0,"1096":0,"1100":0,"1101":0,"1102":0,"1103":0,"1105":0,"1106":0,"1107":0,"1108":0,"1109":0,"1112":0,"1113":0,"1116":0,"1117":0,"1118":0,"1119":0,"1120":0,"1121":0,"1124":0,"1125":0,"1126":0,"1127":0,"1128":0,"1129":0,"1131":0,"1133":0,"1134":0,"1135":0,"1139":0,"1140":0,"1141":0,"1143":0,"1144":0,"1148":0,"1151":1,"1155":1,"1156":0,"1157":0,"1164":0,"1166":0,"1168":0,"1170":0,"1174":0,"1175":0,"1177":0,"1181":0,"1193":1,"1194":0,"1195":0,"1199":0,"1200":0,"1203":0,"1204":0,"1207":0,"1210":1,"1211":0,"1214":1,"1215":0,"1218":1,"1219":0,"1220":0,"1223":0,"1226":0,"1229":1,"1231":1,"1232":0,"1235":0,"1238":1,"1239":0,"1240":0,"1243":0,"1246":0,"1249":1,"1250":0,"1251":0,"1254":0,"1255":0,"1258":0,"1259":0,"1262":0,"1264":0,"1265":0,"1268":0,"1274":0,"1280":0,"1283":0,"1287":1,"1288":0,"1291":0,"1295":0,"1298":1,"1299":1,"1302":1,"1303":0,"1306":1,"1307":0,"1308":0,"1309":0,"1312":0}}}